#
# There is insufficient memory for the Java Runtime Environment to continue.
# Native memory allocation (mmap) failed to map 100663296 bytes for G1 virtual space
# Possible reasons:
#   The system is out of physical RAM or swap space
#   The process is running with CompressedOops enabled, and the Java Heap may be blocking the growth of the native heap
# Possible solutions:
#   Reduce memory load on the system
#   Increase physical memory or swap space
#   Check if swap backing store is full
#   Decrease Java heap size (-Xmx/-Xms)
#   Decrease number of Java threads
#   Decrease Java thread stack sizes (-Xss)
#   Set larger code cache with -XX:ReservedCodeCacheSize=
#   JVM is running with Unscaled Compressed Oops mode in which the Java heap is
#     placed in the first 4GB address space. The Java Heap base address is the
#     maximum limit for the native heap growth. Please use -XX:HeapBaseMinAddress
#     to set the Java Heap base and to place the Java Heap above 4GB virtual address.
# This output file may be truncated or incomplete.
#
#  Out of Memory Error (os_windows.cpp:3559), pid=10664, tid=27604
#
# JRE version:  (17.0.7+7) (build )
# Java VM: OpenJDK 64-Bit Server VM (17.0.7+7-LTS, mixed mode, sharing, tiered, compressed oops, compressed class ptrs, g1 gc, windows-amd64)
# No core dump will be written. Minidumps are not enabled by default on client versions of Windows
#

---------------  S U M M A R Y ------------

Command Line: -Dfile.encoding=windows-1252 -Duser.country=US -Duser.language=en -Duser.variant com.examportal.ExamportalApplication

Host: AMD Ryzen 3 3250U with Radeon Graphics         , 4 cores, 5G,  Windows 11 , 64 bit Build 22621 (10.0.22621.2506)
Time: Wed Dec 20 17:56:23 2023 India Standard Time elapsed time: 0.209141 seconds (0d 0h 0m 0s)

---------------  T H R E A D  ---------------

Current thread (0x000001ace33ef4d0):  JavaThread "Unknown thread" [_thread_in_vm, id=27604, stack(0x00000065ca700000,0x00000065ca800000)]

Stack: [0x00000065ca700000,0x00000065ca800000]
Native frames: (J=compiled Java code, j=interpreted, Vv=VM code, C=native code)
V  [jvm.dll+0x64b53a]
V  [jvm.dll+0x7fef54]
V  [jvm.dll+0x80070e]
V  [jvm.dll+0x800d63]
V  [jvm.dll+0x236a2b]
V  [jvm.dll+0x64843a]
V  [jvm.dll+0x63ce8a]
V  [jvm.dll+0x2f5629]
V  [jvm.dll+0x2fc826]
V  [jvm.dll+0x348eea]
V  [jvm.dll+0x34912f]
V  [jvm.dll+0x2cb9a8]
V  [jvm.dll+0x2cc939]
V  [jvm.dll+0x7d2cd1]
V  [jvm.dll+0x3563c1]
V  [jvm.dll+0x7b32ae]
V  [jvm.dll+0x3d38d3]
V  [jvm.dll+0x3d52c1]
C  [jli.dll+0x51bf]
C  [ucrtbase.dll+0x29363]
C  [KERNEL32.DLL+0x1257d]
C  [ntdll.dll+0x5aa58]


---------------  P R O C E S S  ---------------

Threads class SMR info:
_java_thread_list=0x00007ffd5822c858, length=0, elements={
}

Java Threads: ( => current thread )

Other Threads:
  0x000001ace343c770 GCTaskThread "GC Thread#0" [stack: 0x00000065ca800000,0x00000065ca900000] [id=11272]
  0x000001ace34494b0 ConcurrentGCThread "G1 Main Marker" [stack: 0x00000065ca900000,0x00000065caa00000] [id=21104]
  0x000001ace3449ec0 ConcurrentGCThread "G1 Conc#0" [stack: 0x00000065caa00000,0x00000065cab00000] [id=20412]

[error occurred during error reporting (printing all threads), id 0xc0000005, EXCEPTION_ACCESS_VIOLATION (0xc0000005) at pc=0x00007ffd57a1cc47]

VM state: not at safepoint (not fully initialized)

VM Mutex/Monitor currently owned by a thread:  ([mutex/lock_event])
[0x000001ace33ec2e0] Heap_lock - owner thread: 0x000001ace33ef4d0

Heap address: 0x00000000a1000000, size: 1520 MB, Compressed Oops mode: 32-bit

CDS archive(s) mapped at: [0x0000000000000000-0x0000000000000000-0x0000000000000000), size 0, SharedBaseAddress: 0x0000000800000000, ArchiveRelocationMode: 0.
Narrow klass base: 0x0000000000000000, Narrow klass shift: 0, Narrow klass range: 0x0

GC Precious Log:
<Empty>

Heap:
 garbage-first heap   total 0K, used 0K [0x00000000a1000000, 0x0000000100000000)
  region size 1024K, 0 young (0K), 0 survivors (0K)

[error occurred during error reporting (printing heap information), id 0xc0000005, EXCEPTION_ACCESS_VIOLATION (0xc0000005) at pc=0x00007ffd57de3419]

GC Heap History (0 events):
No events

Dll operation events (1 events):
Event: 0.035 Loaded shared library C:\Users\91880\.jdks\corretto-17.0.7\bin\java.dll

Deoptimization events (0 events):
No events

Classes unloaded (0 events):
No events

Classes redefined (0 events):
No events

Internal exceptions (0 events):
No events

VM Operations (0 events):
No events

Events (0 events):
No events


Dynamic libraries:
0x00007ff6e64b0000 - 0x00007ff6e64bd000 	C:\Users\91880\.jdks\corretto-17.0.7\bin\java.exe
0x00007ffdf1cb0000 - 0x00007ffdf1ec7000 	C:\WINDOWS\SYSTEM32\ntdll.dll
0x00007ffdefa00000 - 0x00007ffdefac4000 	C:\WINDOWS\System32\KERNEL32.DLL
0x00007ffdef370000 - 0x00007ffdef716000 	C:\WINDOWS\System32\KERNELBASE.dll
0x00007ffdef720000 - 0x00007ffdef831000 	C:\WINDOWS\System32\ucrtbase.dll
0x00007ffde6b00000 - 0x00007ffde6b17000 	C:\Users\91880\.jdks\corretto-17.0.7\bin\jli.dll
0x00007ffdf0bc0000 - 0x00007ffdf0d6e000 	C:\WINDOWS\System32\USER32.dll
0x00007ffdef020000 - 0x00007ffdef046000 	C:\WINDOWS\System32\win32u.dll
0x00007ffdf0df0000 - 0x00007ffdf0e19000 	C:\WINDOWS\System32\GDI32.dll
0x00007ffdef8e0000 - 0x00007ffdef9f8000 	C:\WINDOWS\System32\gdi32full.dll
0x00007ffdef840000 - 0x00007ffdef8da000 	C:\WINDOWS\System32\msvcp_win.dll
0x00007ffde5fe0000 - 0x00007ffde5ff5000 	C:\Users\91880\.jdks\corretto-17.0.7\bin\VCRUNTIME140.dll
0x00007ffddfc50000 - 0x00007ffddfee3000 	C:\WINDOWS\WinSxS\amd64_microsoft.windows.common-controls_6595b64144ccf1df_6.0.22621.2506_none_270c5ae97388e100\COMCTL32.dll
0x00007ffdf0700000 - 0x00007ffdf07a7000 	C:\WINDOWS\System32\msvcrt.dll
0x00007ffdf18d0000 - 0x00007ffdf1901000 	C:\WINDOWS\System32\IMM32.DLL
0x00007ffda99b0000 - 0x00007ffda9a4b000 	C:\Users\91880\.jdks\corretto-17.0.7\bin\msvcp140.dll
0x00007ffd57740000 - 0x00007ffd5835a000 	C:\Users\91880\.jdks\corretto-17.0.7\bin\server\jvm.dll
0x00007ffdf04e0000 - 0x00007ffdf0591000 	C:\WINDOWS\System32\ADVAPI32.dll
0x00007ffdf0350000 - 0x00007ffdf03f5000 	C:\WINDOWS\System32\sechost.dll
0x00007ffdf0f30000 - 0x00007ffdf1047000 	C:\WINDOWS\System32\RPCRT4.dll
0x00007ffdbd640000 - 0x00007ffdbd649000 	C:\WINDOWS\SYSTEM32\WSOCK32.dll
0x00007ffde8050000 - 0x00007ffde8084000 	C:\WINDOWS\SYSTEM32\WINMM.dll
0x00007ffdf0150000 - 0x00007ffdf01c1000 	C:\WINDOWS\System32\WS2_32.dll
0x00007ffde5310000 - 0x00007ffde531a000 	C:\WINDOWS\SYSTEM32\VERSION.dll
0x00007ffdee020000 - 0x00007ffdee038000 	C:\WINDOWS\SYSTEM32\kernel.appcore.dll
0x00007ffde6310000 - 0x00007ffde631a000 	C:\Users\91880\.jdks\corretto-17.0.7\bin\jimage.dll
0x00007ffdecba0000 - 0x00007ffdecdd3000 	C:\WINDOWS\SYSTEM32\DBGHELP.DLL
0x00007ffdf0830000 - 0x00007ffdf0bb9000 	C:\WINDOWS\System32\combase.dll
0x00007ffdf0260000 - 0x00007ffdf0337000 	C:\WINDOWS\System32\OLEAUT32.dll
0x00007ffde6580000 - 0x00007ffde65b2000 	C:\WINDOWS\SYSTEM32\dbgcore.DLL
0x00007ffdef2f0000 - 0x00007ffdef36a000 	C:\WINDOWS\System32\bcryptPrimitives.dll
0x00007ffde5340000 - 0x00007ffde5365000 	C:\Users\91880\.jdks\corretto-17.0.7\bin\java.dll

dbghelp: loaded successfully - version: 4.0.5 - missing functions: none
symbol engine: initialized successfully - sym options: 0x614 - pdb path: .;C:\Users\91880\.jdks\corretto-17.0.7\bin;C:\WINDOWS\SYSTEM32;C:\WINDOWS\WinSxS\amd64_microsoft.windows.common-controls_6595b64144ccf1df_6.0.22621.2506_none_270c5ae97388e100;C:\Users\91880\.jdks\corretto-17.0.7\bin\server

VM Arguments:
jvm_args: -Dfile.encoding=windows-1252 -Duser.country=US -Duser.language=en -Duser.variant 
java_command: com.examportal.ExamportalApplication
java_class_path (initial): F:\examportal\examportal\build\classes\java\main;F:\examportal\examportal\build\resources\main;C:\Users\91880\.gradle\caches\modules-2\files-2.1\org.springframework.boot\spring-boot-starter-web\3.2.0\e609f839e7c2ff9c90bc75d7c05dbcbb19315319\spring-boot-starter-web-3.2.0.jar;C:\Users\91880\.gradle\caches\modules-2\files-2.1\org.projectlombok\lombok\1.18.28\a2ff5da8bcd8b1b26f36b806ced63213362c6dcc\lombok-1.18.28.jar;C:\Users\91880\.gradle\caches\modules-2\files-2.1\org.springframework.boot\spring-boot-starter-data-jpa\3.2.0\6a8ad077a37f8a0cef6949dcfd91a9b2115cade\spring-boot-starter-data-jpa-3.2.0.jar;C:\Users\91880\.gradle\caches\modules-2\files-2.1\org.springframework.boot\spring-boot-starter-json\3.2.0\e831483c03433b987cc9c72f8ea67757f9865191\spring-boot-starter-json-3.2.0.jar;C:\Users\91880\.gradle\caches\modules-2\files-2.1\org.springframework.boot\spring-boot-starter-aop\3.2.0\1c4e5498a0ae4c179d0c192e9b674ac656f3e0b9\spring-boot-starter-aop-3.2.0.jar;C:\Users\91880\.gradle\caches\modules-2\files-2.1\org.springframework.boot\spring-boot-starter-jdbc\3.2.0\1ab4ef09c814142be2fafc6d40c9bc242921ca12\spring-boot-starter-jdbc-3.2.0.jar;C:\Users\91880\.gradle\caches\modules-2\files-2.1\org.springframework.boot\spring-boot-starter\3.2.0\4d0cc70617a9febbbc6ad81562e930d93f7b2665\spring-boot-starter-3.2.0.jar;C:\Users\91880\.gradle\caches\modules-2\files-2.1\org.springframework.boot\spring-boot-starter-tomcat\3.2.0\fc758099e394fe5646d9e36883fab38da4b26e22\spring-boot-starter-tomcat-3.2.0.jar;C:\Users\91880\.gradle\caches\modules-2\files-2.1\org.springframework\spring-webmvc\6.1.1\76c4408b67828aa9656f5955dc2c1c4c0e1b6da3\spring-webmvc-6.1.1.jar;C:\Users\91880\.gradle\caches\modules-2\files-2.1\org.springframework\spring-web\6.1.1\4eeb5f2edb9f04d00357edcc56b59d3874b3b453\spring-web-6.1.1.jar;C:\Users\91880\.gradle\caches\modules-2\files-2.1\org.hibernate.orm\hibernate-core\6.3.1.Final\1101d7e09e4853a110fd27a6f35c906f5709ac4f\hibernate-core-6.3.1.F
Launcher Type: SUN_STANDARD

[Global flags]
     intx CICompilerCount                          = 3                                         {product} {ergonomic}
     uint ConcGCThreads                            = 1                                         {product} {ergonomic}
     uint G1ConcRefinementThreads                  = 4                                         {product} {ergonomic}
   size_t G1HeapRegionSize                         = 1048576                                   {product} {ergonomic}
    uintx GCDrainStackTargetSize                   = 64                                        {product} {ergonomic}
   size_t InitialHeapSize                          = 100663296                                 {product} {ergonomic}
   size_t MarkStackSize                            = 4194304                                   {product} {ergonomic}
   size_t MaxHeapSize                              = 1593835520                                {product} {ergonomic}
   size_t MinHeapDeltaBytes                        = 1048576                                   {product} {ergonomic}
   size_t MinHeapSize                              = 8388608                                   {product} {ergonomic}
    uintx NonNMethodCodeHeapSize                   = 5832780                                {pd product} {ergonomic}
    uintx NonProfiledCodeHeapSize                  = 122912730                              {pd product} {ergonomic}
    uintx ProfiledCodeHeapSize                     = 122912730                              {pd product} {ergonomic}
    uintx ReservedCodeCacheSize                    = 251658240                              {pd product} {ergonomic}
     bool SegmentedCodeCache                       = true                                      {product} {ergonomic}
   size_t SoftMaxHeapSize                          = 1593835520                             {manageable} {ergonomic}
     bool UseCompressedClassPointers               = true                           {product lp64_product} {ergonomic}
     bool UseCompressedOops                        = true                           {product lp64_product} {ergonomic}
     bool UseG1GC                                  = true                                      {product} {ergonomic}
     bool UseLargePagesIndividualAllocation        = false                                  {pd product} {ergonomic}

Logging:
Log output configuration:
 #0: stdout all=warning uptime,level,tags
 #1: stderr all=off uptime,level,tags

Environment Variables:
PATH=C:\Program Files (x86)\Common Files\Oracle\Java\javapath;C:\Python311\Scripts\;C:\Python311\;C:\oraclexe\app\oracle\product\10.2.0\server\bin;C:\WINDOWS\system32;C:\WINDOWS;C:\WINDOWS\System32\Wbem;C:\WINDOWS\System32\WindowsPowerShell\v1.0\;C:\WINDOWS\System32\OpenSSH\;C:\Program Files\nodejs\;C:\ProgramData\chocolatey\bin;C:\Program Files\Git\cmd;C:\Program Files\MySQL\MySQL Shell 8.0\bin\;C:\Users\91880\AppData\Local\Microsoft\WindowsApps;;C:\Users\91880\AppData\Local\Programs\Microsoft VS Code\bin;C:\Users\91880\AppData\Roaming\npm;C:\Program Files\JetBrains\IntelliJ IDEA Community Edition 2023.2.2\bin;
USERNAME=91880
OS=Windows_NT
PROCESSOR_IDENTIFIER=AMD64 Family 23 Model 24 Stepping 1, AuthenticAMD
TMP=C:\Users\91880\AppData\Local\Temp
TEMP=C:\Users\91880\AppData\Local\Temp



---------------  S Y S T E M  ---------------

OS:
 Windows 11 , 64 bit Build 22621 (10.0.22621.2506)
OS uptime: 0 days 7:22 hours

CPU: total 4 (initial active 4) (4 cores per cpu, 2 threads per core) family 23 model 24 stepping 1 microcode 0x0, cx8, cmov, fxsr, ht, mmx, 3dnowpref, sse, sse2, sse3, ssse3, sse4a, sse4.1, sse4.2, popcnt, lzcnt, tsc, tscinvbit, avx, avx2, aes, clmul, bmi1, bmi2, adx, sha, fma, vzeroupper, clflush, clflushopt

Memory: 4k page, system-wide physical 6078M (198M free)
TotalPageFile size 24510M (AvailPageFile size 14M)
current process WorkingSet (physical memory assigned to process): 11M, peak: 11M
current process commit charge ("private bytes"): 51M, peak: 147M

vm_info: OpenJDK 64-Bit Server VM (17.0.7+7-LTS) for windows-amd64 JRE (17.0.7+7-LTS), built on Apr 14 2023 01:39:21 by "Administrator" with MS VC++ 15.9 (VS2017)

END.
