#
# There is insufficient memory for the Java Runtime Environment to continue.
# Native memory allocation (malloc) failed to allocate 2234160 bytes for Chunk::new
# Possible reasons:
#   The system is out of physical RAM or swap space
#   The process is running with CompressedOops enabled, and the Java Heap may be blocking the growth of the native heap
# Possible solutions:
#   Reduce memory load on the system
#   Increase physical memory or swap space
#   Check if swap backing store is full
#   Decrease Java heap size (-Xmx/-Xms)
#   Decrease number of Java threads
#   Decrease Java thread stack sizes (-Xss)
#   Set larger code cache with -XX:ReservedCodeCacheSize=
#   JVM is running with Unscaled Compressed Oops mode in which the Java heap is
#     placed in the first 4GB address space. The Java Heap base address is the
#     maximum limit for the native heap growth. Please use -XX:HeapBaseMinAddress
#     to set the Java Heap base and to place the Java Heap above 4GB virtual address.
# This output file may be truncated or incomplete.
#
#  Out of Memory Error (arena.cpp:189), pid=26532, tid=25596
#
# JRE version: OpenJDK Runtime Environment Corretto-17.0.7.7.1 (17.0.7+7) (build 17.0.7+7-LTS)
# Java VM: OpenJDK 64-Bit Server VM Corretto-17.0.7.7.1 (17.0.7+7-LTS, mixed mode, sharing, tiered, compressed oops, compressed class ptrs, g1 gc, windows-amd64)
# No core dump will be written. Minidumps are not enabled by default on client versions of Windows
#

---------------  S U M M A R Y ------------

Command Line: --add-opens=java.base/java.util=ALL-UNNAMED --add-opens=java.base/java.lang=ALL-UNNAMED --add-opens=java.base/java.lang.invoke=ALL-UNNAMED --add-opens=java.prefs/java.util.prefs=ALL-UNNAMED --add-opens=java.base/java.nio.charset=ALL-UNNAMED --add-opens=java.base/java.net=ALL-UNNAMED --add-opens=java.base/java.util.concurrent.atomic=ALL-UNNAMED -XX:MaxMetaspaceSize=384m -XX:+HeapDumpOnOutOfMemoryError -Xms256m -Xmx512m -Dfile.encoding=windows-1252 -Duser.country=US -Duser.language=en -Duser.variant -javaagent:C:\Users\91880\.gradle\wrapper\dists\gradle-8.5-bin\5t9huq95ubn472n8rpzujfbqh\gradle-8.5\lib\agents\gradle-instrumentation-agent-8.5.jar org.gradle.launcher.daemon.bootstrap.GradleDaemon 8.5

Host: AMD Ryzen 3 3250U with Radeon Graphics         , 4 cores, 5G,  Windows 11 , 64 bit Build 22621 (10.0.22621.2506)
Time: Wed Dec 20 17:53:57 2023 India Standard Time elapsed time: 3704.230238 seconds (0d 1h 1m 44s)

---------------  T H R E A D  ---------------

Current thread (0x000001f06f74bf00):  JavaThread "C2 CompilerThread0" daemon [_thread_in_native, id=25596, stack(0x000000a80f400000,0x000000a80f500000)]


Current CompileTask:
C2:3704230 20943       4       org.objectweb.asm.ClassReader::readCode (5117 bytes)

Stack: [0x000000a80f400000,0x000000a80f500000]
Native frames: (J=compiled Java code, j=interpreted, Vv=VM code, C=native code)
V  [jvm.dll+0x64b53a]
V  [jvm.dll+0x7fef54]
V  [jvm.dll+0x80070e]
V  [jvm.dll+0x800d63]
V  [jvm.dll+0x236a2b]
V  [jvm.dll+0xbd47c]
V  [jvm.dll+0xbda5c]
V  [jvm.dll+0x350c37]
V  [jvm.dll+0x31b60f]
V  [jvm.dll+0x31aa4a]
V  [jvm.dll+0x20acf5]
V  [jvm.dll+0x20a287]
V  [jvm.dll+0x19a2ed]
V  [jvm.dll+0x21967d]
V  [jvm.dll+0x2178c4]
V  [jvm.dll+0x7b7dcb]
V  [jvm.dll+0x7b237a]
V  [jvm.dll+0x64a3a5]
C  [ucrtbase.dll+0x29363]
C  [KERNEL32.DLL+0x1257d]
C  [ntdll.dll+0x5aa58]


---------------  P R O C E S S  ---------------

Threads class SMR info:
_java_thread_list=0x000001f077101d00, length=89, elements={
0x000001f055453950, 0x000001f06f72a3a0, 0x000001f06f72b210, 0x000001f06f73d640,
0x000001f06f73e3c0, 0x000001f06f741e90, 0x000001f06f746d50, 0x000001f06f74bf00,
0x000001f06f7569c0, 0x000001f06f7573b0, 0x000001f06f7137d0, 0x000001f06fa0a680,
0x000001f075433020, 0x000001f074eefd50, 0x000001f074f40ad0, 0x000001f075436200,
0x000001f075435860, 0x000001f0754349f0, 0x000001f075437540, 0x000001f075434ec0,
0x000001f07716ba50, 0x000001f075435d30, 0x000001f07714c7c0, 0x000001f076ab8530,
0x000001f0754366d0, 0x000001f07714be20, 0x000001f076ab8a00, 0x000001f06f91b420,
0x000001f0782f0550, 0x000001f0782f0a20, 0x000001f0782eda00, 0x000001f0782ef210,
0x000001f0782ed060, 0x000001f076ab9d40, 0x000001f076ab8ed0, 0x000001f0772c25a0,
0x000001f077e7c2d0, 0x000001f076ab9870, 0x000001f077e7af90, 0x000001f077e7a5f0,
0x000001f077e7c7a0, 0x000001f077736240, 0x000001f0777353d0, 0x000001f0777358a0,
0x000001f075e2e460, 0x000001f077736710, 0x000001f0777383f0, 0x000001f077737f20,
0x000001f075e30140, 0x000001f0772c2a70, 0x000001f0772bfa50, 0x000001f075e2e930,
0x000001f075e2fc70, 0x000001f075e2ee00, 0x000001f075e2f2d0, 0x000001f075e31480,
0x000001f075e30fb0, 0x000001f077737a50, 0x000001f077737580, 0x000001f077734f00,
0x000001f077735d70, 0x000001f077e7aac0, 0x000001f077e7cc70, 0x000001f0777388c0,
0x000001f077736be0, 0x000001f0777370b0, 0x000001f078bfb460, 0x000001f078bfe480,
0x000001f078bfc7a0, 0x000001f0772bff20, 0x000001f0772c3410, 0x000001f0772c03f0,
0x000001f078bfb930, 0x000001f078bfcc70, 0x000001f077e7d140, 0x000001f077e7d610,
0x000001f075e2f7a0, 0x000001f078084ed0, 0x000001f0772c08c0, 0x000001f0772c0d90,
0x000001f0772c1260, 0x000001f077e7b930, 0x000001f077e7dae0, 0x000001f078bfd610,
0x000001f078bfdae0, 0x000001f078bfdfb0, 0x000001f0780f2b30, 0x000001f0780f1cc0,
0x000001f0780f3000
}

Java Threads: ( => current thread )
  0x000001f055453950 JavaThread "main" [_thread_blocked, id=20592, stack(0x000000a80e700000,0x000000a80e800000)]
  0x000001f06f72a3a0 JavaThread "Reference Handler" daemon [_thread_blocked, id=15916, stack(0x000000a80ee00000,0x000000a80ef00000)]
  0x000001f06f72b210 JavaThread "Finalizer" daemon [_thread_blocked, id=26804, stack(0x000000a80ef00000,0x000000a80f000000)]
  0x000001f06f73d640 JavaThread "Signal Dispatcher" daemon [_thread_blocked, id=1444, stack(0x000000a80f000000,0x000000a80f100000)]
  0x000001f06f73e3c0 JavaThread "Attach Listener" daemon [_thread_blocked, id=1284, stack(0x000000a80f100000,0x000000a80f200000)]
  0x000001f06f741e90 JavaThread "Service Thread" daemon [_thread_blocked, id=24964, stack(0x000000a80f200000,0x000000a80f300000)]
  0x000001f06f746d50 JavaThread "Monitor Deflation Thread" daemon [_thread_blocked, id=12268, stack(0x000000a80f300000,0x000000a80f400000)]
=>0x000001f06f74bf00 JavaThread "C2 CompilerThread0" daemon [_thread_in_native, id=25596, stack(0x000000a80f400000,0x000000a80f500000)]
  0x000001f06f7569c0 JavaThread "C1 CompilerThread0" daemon [_thread_blocked, id=18612, stack(0x000000a80f500000,0x000000a80f600000)]
  0x000001f06f7573b0 JavaThread "Sweeper thread" daemon [_thread_blocked, id=25508, stack(0x000000a80f600000,0x000000a80f700000)]
  0x000001f06f7137d0 JavaThread "Common-Cleaner" daemon [_thread_blocked, id=11660, stack(0x000000a80f700000,0x000000a80f800000)]
  0x000001f06fa0a680 JavaThread "Notification Thread" daemon [_thread_blocked, id=16116, stack(0x000000a80f800000,0x000000a80f900000)]
  0x000001f075433020 JavaThread "Daemon health stats" [_thread_blocked, id=1104, stack(0x000000a80fa00000,0x000000a80fb00000)]
  0x000001f074eefd50 JavaThread "Incoming local TCP Connector on port 56827" [_thread_in_native, id=26156, stack(0x000000a80fe00000,0x000000a80ff00000)]
  0x000001f074f40ad0 JavaThread "Daemon periodic checks" [_thread_blocked, id=22916, stack(0x000000a80ff00000,0x000000a810000000)]
  0x000001f075436200 JavaThread "Cache worker for journal cache (C:\Users\91880\.gradle\caches\journal-1)" [_thread_blocked, id=2444, stack(0x000000a810700000,0x000000a810800000)]
  0x000001f075435860 JavaThread "File lock request listener" [_thread_in_native, id=14344, stack(0x000000a810800000,0x000000a810900000)]
  0x000001f0754349f0 JavaThread "Cache worker for file hash cache (C:\Users\91880\.gradle\caches\8.5\fileHashes)" [_thread_blocked, id=22128, stack(0x000000a810900000,0x000000a810a00000)]
  0x000001f075437540 JavaThread "File watcher server" daemon [_thread_in_native, id=23768, stack(0x000000a810b00000,0x000000a810c00000)]
  0x000001f075434ec0 JavaThread "File watcher consumer" daemon [_thread_blocked, id=17424, stack(0x000000a810c00000,0x000000a810d00000)]
  0x000001f07716ba50 JavaThread "Cache worker for file content cache (C:\Users\91880\.gradle\caches\8.5\fileContent)" [_thread_blocked, id=25992, stack(0x000000a811000000,0x000000a811100000)]
  0x000001f075435d30 JavaThread "Cache worker for execution history cache (C:\Users\91880\.gradle\caches\8.5\executionHistory)" [_thread_blocked, id=2536, stack(0x000000a811100000,0x000000a811200000)]
  0x000001f07714c7c0 JavaThread "jar transforms" [_thread_blocked, id=21496, stack(0x000000a811200000,0x000000a811300000)]
  0x000001f076ab8530 JavaThread "jar transforms Thread 2" [_thread_blocked, id=27072, stack(0x000000a811300000,0x000000a811400000)]
  0x000001f0754366d0 JavaThread "jar transforms Thread 3" [_thread_blocked, id=20288, stack(0x000000a811400000,0x000000a811500000)]
  0x000001f07714be20 JavaThread "jar transforms Thread 4" [_thread_blocked, id=20808, stack(0x000000a811500000,0x000000a811600000)]
  0x000001f076ab8a00 JavaThread "Memory manager" [_thread_blocked, id=18980, stack(0x000000a811d00000,0x000000a811e00000)]
  0x000001f06f91b420 JavaThread "Cache worker for Java compile cache (C:\Users\91880\.gradle\caches\8.5\javaCompile)" [_thread_blocked, id=16640, stack(0x000000a814800000,0x000000a814900000)]
  0x000001f0782f0550 JavaThread "Daemon Thread 8" [_thread_blocked, id=10484, stack(0x000000a80e400000,0x000000a80e500000)]
  0x000001f0782f0a20 JavaThread "Handler for socket connection from /127.0.0.1:56827 to /127.0.0.1:58204" [_thread_in_native, id=25584, stack(0x000000a80e500000,0x000000a80e600000)]
  0x000001f0782eda00 JavaThread "Cancel handler" [_thread_blocked, id=13844, stack(0x000000a80e600000,0x000000a80e700000)]
  0x000001f0782ef210 JavaThread "Daemon worker Thread 6" [_thread_blocked, id=6968, stack(0x000000a810000000,0x000000a810100000)]
  0x000001f0782ed060 JavaThread "Asynchronous log dispatcher for DefaultDaemonConnection: socket connection from /127.0.0.1:56827 to /127.0.0.1:58204" [_thread_blocked, id=13076, stack(0x000000a810100000,0x000000a810200000)]
  0x000001f076ab9d40 JavaThread "Stdin handler" [_thread_blocked, id=25656, stack(0x000000a810200000,0x000000a810300000)]
  0x000001f076ab8ed0 JavaThread "Daemon client event forwarder" [_thread_blocked, id=25176, stack(0x000000a810300000,0x000000a810400000)]
  0x000001f0772c25a0 JavaThread "Cache worker for checksums cache (F:\examportal\examportal\.gradle\8.5\checksums)" [_thread_blocked, id=19788, stack(0x000000a810400000,0x000000a810500000)]
  0x000001f077e7c2d0 JavaThread "Cache worker for file hash cache (F:\examportal\examportal\.gradle\8.5\fileHashes)" [_thread_blocked, id=23120, stack(0x000000a810500000,0x000000a810600000)]
  0x000001f076ab9870 JavaThread "Cache worker for cache directory md-supplier (C:\Users\91880\.gradle\caches\8.5\md-supplier)" [_thread_blocked, id=6384, stack(0x000000a810600000,0x000000a810700000)]
  0x000001f077e7af90 JavaThread "Cache worker for cache directory md-rule (C:\Users\91880\.gradle\caches\8.5\md-rule)" [_thread_blocked, id=19664, stack(0x000000a810a00000,0x000000a810b00000)]
  0x000001f077e7a5f0 JavaThread "Cache worker for dependencies-accessors (F:\examportal\examportal\.gradle\8.5\dependencies-accessors)" [_thread_blocked, id=15660, stack(0x000000a810d00000,0x000000a810e00000)]
  0x000001f077e7c7a0 JavaThread "Cache worker for Build Output Cleanup Cache (F:\examportal\examportal\.gradle\buildOutputCleanup)" [_thread_blocked, id=4012, stack(0x000000a810e00000,0x000000a810f00000)]
  0x000001f077736240 JavaThread "Unconstrained build operations" [_thread_blocked, id=17624, stack(0x000000a810f00000,0x000000a811000000)]
  0x000001f0777353d0 JavaThread "Unconstrained build operations Thread 2" [_thread_blocked, id=26284, stack(0x000000a811600000,0x000000a811700000)]
  0x000001f0777358a0 JavaThread "Unconstrained build operations Thread 3" [_thread_blocked, id=25264, stack(0x000000a811900000,0x000000a811a00000)]
  0x000001f075e2e460 JavaThread "included builds" [_thread_blocked, id=25552, stack(0x000000a811a00000,0x000000a811b00000)]
  0x000001f077736710 JavaThread "Execution worker" [_thread_blocked, id=8628, stack(0x000000a811b00000,0x000000a811c00000)]
  0x000001f0777383f0 JavaThread "Execution worker Thread 2" [_thread_blocked, id=11572, stack(0x000000a811c00000,0x000000a811d00000)]
  0x000001f077737f20 JavaThread "Execution worker Thread 3" [_thread_blocked, id=17608, stack(0x000000a811e00000,0x000000a811f00000)]
  0x000001f075e30140 JavaThread "Cache worker for execution history cache (F:\examportal\examportal\.gradle\8.5\executionHistory)" [_thread_blocked, id=26244, stack(0x000000a811f00000,0x000000a812000000)]
  0x000001f0772c2a70 JavaThread "Unconstrained build operations Thread 4" [_thread_blocked, id=4848, stack(0x000000a812000000,0x000000a812100000)]
  0x000001f0772bfa50 JavaThread "Unconstrained build operations Thread 5" [_thread_blocked, id=18664, stack(0x000000a812100000,0x000000a812200000)]
  0x000001f075e2e930 JavaThread "Unconstrained build operations Thread 6" [_thread_blocked, id=21324, stack(0x000000a812200000,0x000000a812300000)]
  0x000001f075e2fc70 JavaThread "Unconstrained build operations Thread 7" [_thread_blocked, id=24192, stack(0x000000a812300000,0x000000a812400000)]
  0x000001f075e2ee00 JavaThread "Unconstrained build operations Thread 8" [_thread_blocked, id=22932, stack(0x000000a812400000,0x000000a812500000)]
  0x000001f075e2f2d0 JavaThread "Unconstrained build operations Thread 9" [_thread_blocked, id=14704, stack(0x000000a812500000,0x000000a812600000)]
  0x000001f075e31480 JavaThread "Unconstrained build operations Thread 10" [_thread_blocked, id=25372, stack(0x000000a812600000,0x000000a812700000)]
  0x000001f075e30fb0 JavaThread "Unconstrained build operations Thread 11" [_thread_blocked, id=3180, stack(0x000000a812700000,0x000000a812800000)]
  0x000001f077737a50 JavaThread "Unconstrained build operations Thread 12" [_thread_blocked, id=23432, stack(0x000000a812800000,0x000000a812900000)]
  0x000001f077737580 JavaThread "Unconstrained build operations Thread 13" [_thread_blocked, id=23840, stack(0x000000a812900000,0x000000a812a00000)]
  0x000001f077734f00 JavaThread "Unconstrained build operations Thread 14" [_thread_blocked, id=7780, stack(0x000000a812a00000,0x000000a812b00000)]
  0x000001f077735d70 JavaThread "Unconstrained build operations Thread 15" [_thread_blocked, id=23380, stack(0x000000a812b00000,0x000000a812c00000)]
  0x000001f077e7aac0 JavaThread "Unconstrained build operations Thread 16" [_thread_blocked, id=17588, stack(0x000000a812c00000,0x000000a812d00000)]
  0x000001f077e7cc70 JavaThread "Unconstrained build operations Thread 17" [_thread_blocked, id=25440, stack(0x000000a812d00000,0x000000a812e00000)]
  0x000001f0777388c0 JavaThread "Unconstrained build operations Thread 18" [_thread_blocked, id=12604, stack(0x000000a812e00000,0x000000a812f00000)]
  0x000001f077736be0 JavaThread "Unconstrained build operations Thread 19" [_thread_blocked, id=24264, stack(0x000000a812f00000,0x000000a813000000)]
  0x000001f0777370b0 JavaThread "Unconstrained build operations Thread 20" [_thread_blocked, id=10372, stack(0x000000a813000000,0x000000a813100000)]
  0x000001f078bfb460 JavaThread "Unconstrained build operations Thread 21" [_thread_blocked, id=2832, stack(0x000000a813100000,0x000000a813200000)]
  0x000001f078bfe480 JavaThread "Unconstrained build operations Thread 22" [_thread_blocked, id=18528, stack(0x000000a813200000,0x000000a813300000)]
  0x000001f078bfc7a0 JavaThread "Unconstrained build operations Thread 23" [_thread_blocked, id=11956, stack(0x000000a813300000,0x000000a813400000)]
  0x000001f0772bff20 JavaThread "Unconstrained build operations Thread 24" [_thread_blocked, id=23800, stack(0x000000a813400000,0x000000a813500000)]
  0x000001f0772c3410 JavaThread "Unconstrained build operations Thread 25" [_thread_blocked, id=22888, stack(0x000000a813500000,0x000000a813600000)]
  0x000001f0772c03f0 JavaThread "Unconstrained build operations Thread 26" [_thread_blocked, id=19420, stack(0x000000a813600000,0x000000a813700000)]
  0x000001f078bfb930 JavaThread "Unconstrained build operations Thread 27" [_thread_blocked, id=22160, stack(0x000000a813700000,0x000000a813800000)]
  0x000001f078bfcc70 JavaThread "Unconstrained build operations Thread 28" [_thread_blocked, id=26144, stack(0x000000a813800000,0x000000a813900000)]
  0x000001f077e7d140 JavaThread "Unconstrained build operations Thread 29" [_thread_blocked, id=23280, stack(0x000000a813900000,0x000000a813a00000)]
  0x000001f077e7d610 JavaThread "Unconstrained build operations Thread 30" [_thread_blocked, id=17900, stack(0x000000a813a00000,0x000000a813b00000)]
  0x000001f075e2f7a0 JavaThread "Unconstrained build operations Thread 31" [_thread_blocked, id=21128, stack(0x000000a813b00000,0x000000a813c00000)]
  0x000001f078084ed0 JavaThread "Unconstrained build operations Thread 32" [_thread_blocked, id=23948, stack(0x000000a813c00000,0x000000a813d00000)]
  0x000001f0772c08c0 JavaThread "Unconstrained build operations Thread 33" [_thread_blocked, id=3092, stack(0x000000a813d00000,0x000000a813e00000)]
  0x000001f0772c0d90 JavaThread "Unconstrained build operations Thread 34" [_thread_blocked, id=8040, stack(0x000000a813e00000,0x000000a813f00000)]
  0x000001f0772c1260 JavaThread "Unconstrained build operations Thread 35" [_thread_blocked, id=12788, stack(0x000000a813f00000,0x000000a814000000)]
  0x000001f077e7b930 JavaThread "Unconstrained build operations Thread 36" [_thread_blocked, id=276, stack(0x000000a814000000,0x000000a814100000)]
  0x000001f077e7dae0 JavaThread "Unconstrained build operations Thread 37" [_thread_blocked, id=22748, stack(0x000000a814100000,0x000000a814200000)]
  0x000001f078bfd610 JavaThread "Unconstrained build operations Thread 38" [_thread_blocked, id=25804, stack(0x000000a814200000,0x000000a814300000)]
  0x000001f078bfdae0 JavaThread "Unconstrained build operations Thread 39" [_thread_blocked, id=6348, stack(0x000000a814300000,0x000000a814400000)]
  0x000001f078bfdfb0 JavaThread "Unconstrained build operations Thread 40" [_thread_blocked, id=26068, stack(0x000000a814400000,0x000000a814500000)]
  0x000001f0780f2b30 JavaThread "Build operations" [_thread_blocked, id=14876, stack(0x000000a814500000,0x000000a814600000)]
  0x000001f0780f1cc0 JavaThread "Build operations Thread 2" [_thread_in_native, id=14420, stack(0x000000a814600000,0x000000a814700000)]
  0x000001f0780f3000 JavaThread "Build operations Thread 3" [_thread_blocked, id=16764, stack(0x000000a814900000,0x000000a814a00000)]

Other Threads:
  0x000001f06f725bf0 VMThread "VM Thread" [stack: 0x000000a80ed00000,0x000000a80ee00000] [id=26536]
  0x000001f06f5ed0e0 WatcherThread [stack: 0x000000a80f900000,0x000000a80fa00000] [id=17104]
  0x000001f0554805b0 GCTaskThread "GC Thread#0" [stack: 0x000000a80e800000,0x000000a80e900000] [id=15948]
  0x000001f074096e10 GCTaskThread "GC Thread#1" [stack: 0x000000a80fb00000,0x000000a80fc00000] [id=11800]
  0x000001f0740970c0 GCTaskThread "GC Thread#2" [stack: 0x000000a80fc00000,0x000000a80fd00000] [id=16584]
  0x000001f06fc94a90 GCTaskThread "GC Thread#3" [stack: 0x000000a80fd00000,0x000000a80fe00000] [id=20292]
  0x000001f055485d30 ConcurrentGCThread "G1 Main Marker" [stack: 0x000000a80e900000,0x000000a80ea00000] [id=26328]
  0x000001f055486740 ConcurrentGCThread "G1 Conc#0" [stack: 0x000000a80ea00000,0x000000a80eb00000] [id=23684]
  0x000001f05551ebe0 ConcurrentGCThread "G1 Refine#0" [stack: 0x000000a80eb00000,0x000000a80ec00000] [id=24588]
  0x000001f0774c0130 ConcurrentGCThread "G1 Refine#1" [stack: 0x000000a811700000,0x000000a811800000] [id=23904]
  0x000001f077537c90 ConcurrentGCThread "G1 Refine#2" [stack: 0x000000a811800000,0x000000a811900000] [id=13244]
  0x000001f0781ade10 ConcurrentGCThread "G1 Refine#3" [stack: 0x000000a814700000,0x000000a814800000] [id=11048]
  0x000001f06f5e2710 ConcurrentGCThread "G1 Service" [stack: 0x000000a80ec00000,0x000000a80ed00000] [id=21716]

Threads with active compile tasks:
C2 CompilerThread0  3704310 20943       4       org.objectweb.asm.ClassReader::readCode (5117 bytes)

VM state: not at safepoint (normal execution)

VM Mutex/Monitor currently owned by a thread: None

Heap address: 0x00000000e0000000, size: 512 MB, Compressed Oops mode: 32-bit

CDS archive(s) mapped at: [0x0000000800000000-0x0000000800bc0000-0x0000000800bc0000), size 12320768, SharedBaseAddress: 0x0000000800000000, ArchiveRelocationMode: 0.
Compressed class space mapped at: 0x0000000801000000-0x0000000815000000, reserved size: 335544320
Narrow klass base: 0x0000000800000000, Narrow klass shift: 0, Narrow klass range: 0x100000000

GC Precious Log:
 CPUs: 4 total, 4 available
 Memory: 6078M
 Large Page Support: Disabled
 NUMA Support: Disabled
 Compressed Oops: Enabled (32-bit)
 Heap Region Size: 1M
 Heap Min Capacity: 256M
 Heap Initial Capacity: 256M
 Heap Max Capacity: 512M
 Pre-touch: Disabled
 Parallel Workers: 4
 Concurrent Workers: 1
 Concurrent Refinement Workers: 4
 Periodic GC: Disabled

Heap:
 garbage-first heap   total 262144K, used 228183K [0x00000000e0000000, 0x0000000100000000)
  region size 1024K, 75 young (76800K), 6 survivors (6144K)
 Metaspace       used 97164K, committed 98176K, reserved 458752K
  class space    used 12667K, committed 13120K, reserved 327680K

Heap Regions: E=young(eden), S=young(survivor), O=old, HS=humongous(starts), HC=humongous(continues), CS=collection set, F=free, OA=open archive, CA=closed archive, TAMS=top-at-mark-start (previous, next)
|   0|0x00000000e0000000, 0x00000000e0100000, 0x00000000e0100000|100%| O|  |TAMS 0x00000000e0100000, 0x00000000e0000000| Untracked 
|   1|0x00000000e0100000, 0x00000000e0200000, 0x00000000e0200000|100%| O|  |TAMS 0x00000000e0200000, 0x00000000e0100000| Untracked 
|   2|0x00000000e0200000, 0x00000000e0300000, 0x00000000e0300000|100%|HS|  |TAMS 0x00000000e0300000, 0x00000000e0200000| Complete 
|   3|0x00000000e0300000, 0x00000000e0400000, 0x00000000e0400000|100%|HC|  |TAMS 0x00000000e0400000, 0x00000000e0300000| Complete 
|   4|0x00000000e0400000, 0x00000000e0500000, 0x00000000e0500000|100%|HC|  |TAMS 0x00000000e0500000, 0x00000000e0400000| Complete 
|   5|0x00000000e0500000, 0x00000000e0600000, 0x00000000e0600000|100%|HC|  |TAMS 0x00000000e0600000, 0x00000000e0500000| Complete 
|   6|0x00000000e0600000, 0x00000000e0700000, 0x00000000e0700000|100%| O|  |TAMS 0x00000000e0700000, 0x00000000e0600000| Untracked 
|   7|0x00000000e0700000, 0x00000000e0800000, 0x00000000e0800000|100%| O|  |TAMS 0x00000000e0800000, 0x00000000e0700000| Untracked 
|   8|0x00000000e0800000, 0x00000000e0900000, 0x00000000e0900000|100%| O|  |TAMS 0x00000000e0900000, 0x00000000e0800000| Untracked 
|   9|0x00000000e0900000, 0x00000000e0a00000, 0x00000000e0a00000|100%| O|  |TAMS 0x00000000e0a00000, 0x00000000e0900000| Untracked 
|  10|0x00000000e0a00000, 0x00000000e0b00000, 0x00000000e0b00000|100%| O|  |TAMS 0x00000000e0b00000, 0x00000000e0a00000| Untracked 
|  11|0x00000000e0b00000, 0x00000000e0c00000, 0x00000000e0c00000|100%| O|  |TAMS 0x00000000e0c00000, 0x00000000e0b00000| Untracked 
|  12|0x00000000e0c00000, 0x00000000e0d00000, 0x00000000e0d00000|100%| O|  |TAMS 0x00000000e0d00000, 0x00000000e0c00000| Untracked 
|  13|0x00000000e0d00000, 0x00000000e0e00000, 0x00000000e0e00000|100%| O|  |TAMS 0x00000000e0e00000, 0x00000000e0d00000| Untracked 
|  14|0x00000000e0e00000, 0x00000000e0f00000, 0x00000000e0f00000|100%| O|  |TAMS 0x00000000e0f00000, 0x00000000e0e00000| Untracked 
|  15|0x00000000e0f00000, 0x00000000e1000000, 0x00000000e1000000|100%| O|  |TAMS 0x00000000e1000000, 0x00000000e0f00000| Untracked 
|  16|0x00000000e1000000, 0x00000000e1100000, 0x00000000e1100000|100%| O|  |TAMS 0x00000000e1100000, 0x00000000e1000000| Untracked 
|  17|0x00000000e1100000, 0x00000000e1200000, 0x00000000e1200000|100%| O|  |TAMS 0x00000000e1200000, 0x00000000e1100000| Untracked 
|  18|0x00000000e1200000, 0x00000000e1300000, 0x00000000e1300000|100%| O|  |TAMS 0x00000000e1300000, 0x00000000e1200000| Untracked 
|  19|0x00000000e1300000, 0x00000000e1400000, 0x00000000e1400000|100%| O|  |TAMS 0x00000000e1400000, 0x00000000e1300000| Untracked 
|  20|0x00000000e1400000, 0x00000000e1500000, 0x00000000e1500000|100%| O|  |TAMS 0x00000000e1500000, 0x00000000e1400000| Untracked 
|  21|0x00000000e1500000, 0x00000000e1600000, 0x00000000e1600000|100%| O|  |TAMS 0x00000000e1600000, 0x00000000e1500000| Untracked 
|  22|0x00000000e1600000, 0x00000000e1700000, 0x00000000e1700000|100%| O|  |TAMS 0x00000000e1700000, 0x00000000e1600000| Untracked 
|  23|0x00000000e1700000, 0x00000000e1800000, 0x00000000e1800000|100%| O|  |TAMS 0x00000000e1800000, 0x00000000e1700000| Untracked 
|  24|0x00000000e1800000, 0x00000000e1900000, 0x00000000e1900000|100%| O|  |TAMS 0x00000000e1900000, 0x00000000e1800000| Untracked 
|  25|0x00000000e1900000, 0x00000000e1a00000, 0x00000000e1a00000|100%| O|  |TAMS 0x00000000e1a00000, 0x00000000e1900000| Untracked 
|  26|0x00000000e1a00000, 0x00000000e1b00000, 0x00000000e1b00000|100%| O|  |TAMS 0x00000000e1b00000, 0x00000000e1a00000| Untracked 
|  27|0x00000000e1b00000, 0x00000000e1c00000, 0x00000000e1c00000|100%| O|  |TAMS 0x00000000e1c00000, 0x00000000e1b00000| Untracked 
|  28|0x00000000e1c00000, 0x00000000e1d00000, 0x00000000e1d00000|100%| O|  |TAMS 0x00000000e1d00000, 0x00000000e1c00000| Untracked 
|  29|0x00000000e1d00000, 0x00000000e1e00000, 0x00000000e1e00000|100%| O|  |TAMS 0x00000000e1e00000, 0x00000000e1d00000| Untracked 
|  30|0x00000000e1e00000, 0x00000000e1f00000, 0x00000000e1f00000|100%| O|  |TAMS 0x00000000e1f00000, 0x00000000e1e00000| Untracked 
|  31|0x00000000e1f00000, 0x00000000e2000000, 0x00000000e2000000|100%| O|  |TAMS 0x00000000e2000000, 0x00000000e1f00000| Untracked 
|  32|0x00000000e2000000, 0x00000000e2100000, 0x00000000e2100000|100%| O|  |TAMS 0x00000000e2100000, 0x00000000e2000000| Untracked 
|  33|0x00000000e2100000, 0x00000000e2200000, 0x00000000e2200000|100%| O|  |TAMS 0x00000000e2100000, 0x00000000e2100000| Untracked 
|  34|0x00000000e2200000, 0x00000000e2300000, 0x00000000e2300000|100%| O|  |TAMS 0x00000000e2300000, 0x00000000e2200000| Untracked 
|  35|0x00000000e2300000, 0x00000000e2400000, 0x00000000e2400000|100%| O|  |TAMS 0x00000000e2400000, 0x00000000e2300000| Untracked 
|  36|0x00000000e2400000, 0x00000000e2500000, 0x00000000e2500000|100%| O|  |TAMS 0x00000000e2500000, 0x00000000e2400000| Untracked 
|  37|0x00000000e2500000, 0x00000000e2600000, 0x00000000e2600000|100%| O|  |TAMS 0x00000000e2600000, 0x00000000e2500000| Untracked 
|  38|0x00000000e2600000, 0x00000000e2700000, 0x00000000e2700000|100%| O|  |TAMS 0x00000000e2600000, 0x00000000e2600000| Untracked 
|  39|0x00000000e2700000, 0x00000000e2800000, 0x00000000e2800000|100%| O|  |TAMS 0x00000000e2800000, 0x00000000e2700000| Untracked 
|  40|0x00000000e2800000, 0x00000000e2900000, 0x00000000e2900000|100%| O|  |TAMS 0x00000000e2900000, 0x00000000e2800000| Untracked 
|  41|0x00000000e2900000, 0x00000000e2a00000, 0x00000000e2a00000|100%|HS|  |TAMS 0x00000000e2a00000, 0x00000000e2900000| Complete 
|  42|0x00000000e2a00000, 0x00000000e2b00000, 0x00000000e2b00000|100%|HC|  |TAMS 0x00000000e2b00000, 0x00000000e2a00000| Complete 
|  43|0x00000000e2b00000, 0x00000000e2c00000, 0x00000000e2c00000|100%|HS|  |TAMS 0x00000000e2c00000, 0x00000000e2b00000| Complete 
|  44|0x00000000e2c00000, 0x00000000e2d00000, 0x00000000e2d00000|100%|HC|  |TAMS 0x00000000e2d00000, 0x00000000e2c00000| Complete 
|  45|0x00000000e2d00000, 0x00000000e2e00000, 0x00000000e2e00000|100%|HC|  |TAMS 0x00000000e2e00000, 0x00000000e2d00000| Complete 
|  46|0x00000000e2e00000, 0x00000000e2f00000, 0x00000000e2f00000|100%|HS|  |TAMS 0x00000000e2f00000, 0x00000000e2e00000| Complete 
|  47|0x00000000e2f00000, 0x00000000e3000000, 0x00000000e3000000|100%|HC|  |TAMS 0x00000000e3000000, 0x00000000e2f00000| Complete 
|  48|0x00000000e3000000, 0x00000000e3100000, 0x00000000e3100000|100%|HC|  |TAMS 0x00000000e3100000, 0x00000000e3000000| Complete 
|  49|0x00000000e3100000, 0x00000000e3200000, 0x00000000e3200000|100%|HS|  |TAMS 0x00000000e3200000, 0x00000000e3100000| Complete 
|  50|0x00000000e3200000, 0x00000000e3300000, 0x00000000e3300000|100%|HC|  |TAMS 0x00000000e3300000, 0x00000000e3200000| Complete 
|  51|0x00000000e3300000, 0x00000000e3400000, 0x00000000e3400000|100%|HC|  |TAMS 0x00000000e3400000, 0x00000000e3300000| Complete 
|  52|0x00000000e3400000, 0x00000000e3500000, 0x00000000e3500000|100%|HS|  |TAMS 0x00000000e3500000, 0x00000000e3400000| Complete 
|  53|0x00000000e3500000, 0x00000000e3600000, 0x00000000e3600000|100%|HC|  |TAMS 0x00000000e3600000, 0x00000000e3500000| Complete 
|  54|0x00000000e3600000, 0x00000000e3700000, 0x00000000e3700000|100%|HC|  |TAMS 0x00000000e3700000, 0x00000000e3600000| Complete 
|  55|0x00000000e3700000, 0x00000000e3800000, 0x00000000e3800000|100%| O|  |TAMS 0x00000000e3800000, 0x00000000e3700000| Untracked 
|  56|0x00000000e3800000, 0x00000000e3900000, 0x00000000e3900000|100%| O|  |TAMS 0x00000000e3900000, 0x00000000e3800000| Untracked 
|  57|0x00000000e3900000, 0x00000000e3a00000, 0x00000000e3a00000|100%| O|  |TAMS 0x00000000e3900000, 0x00000000e3900000| Untracked 
|  58|0x00000000e3a00000, 0x00000000e3b00000, 0x00000000e3b00000|100%| O|  |TAMS 0x00000000e3b00000, 0x00000000e3a00000| Untracked 
|  59|0x00000000e3b00000, 0x00000000e3c00000, 0x00000000e3c00000|100%| O|  |TAMS 0x00000000e3c00000, 0x00000000e3b00000| Untracked 
|  60|0x00000000e3c00000, 0x00000000e3d00000, 0x00000000e3d00000|100%| O|  |TAMS 0x00000000e3d00000, 0x00000000e3c00000| Untracked 
|  61|0x00000000e3d00000, 0x00000000e3e00000, 0x00000000e3e00000|100%| O|  |TAMS 0x00000000e3e00000, 0x00000000e3d00000| Untracked 
|  62|0x00000000e3e00000, 0x00000000e3f00000, 0x00000000e3f00000|100%| O|  |TAMS 0x00000000e3f00000, 0x00000000e3e00000| Untracked 
|  63|0x00000000e3f00000, 0x00000000e4000000, 0x00000000e4000000|100%| O|  |TAMS 0x00000000e4000000, 0x00000000e3f00000| Untracked 
|  64|0x00000000e4000000, 0x00000000e4100000, 0x00000000e4100000|100%|HS|  |TAMS 0x00000000e4100000, 0x00000000e4000000| Complete 
|  65|0x00000000e4100000, 0x00000000e4200000, 0x00000000e4200000|100%|HC|  |TAMS 0x00000000e4200000, 0x00000000e4100000| Complete 
|  66|0x00000000e4200000, 0x00000000e4300000, 0x00000000e4300000|100%|HC|  |TAMS 0x00000000e4300000, 0x00000000e4200000| Complete 
|  67|0x00000000e4300000, 0x00000000e4400000, 0x00000000e4400000|100%|HC|  |TAMS 0x00000000e4400000, 0x00000000e4300000| Complete 
|  68|0x00000000e4400000, 0x00000000e4500000, 0x00000000e4500000|100%|HC|  |TAMS 0x00000000e4500000, 0x00000000e4400000| Complete 
|  69|0x00000000e4500000, 0x00000000e4600000, 0x00000000e4600000|100%|HC|  |TAMS 0x00000000e4600000, 0x00000000e4500000| Complete 
|  70|0x00000000e4600000, 0x00000000e4700000, 0x00000000e4700000|100%|HS|  |TAMS 0x00000000e4700000, 0x00000000e4600000| Complete 
|  71|0x00000000e4700000, 0x00000000e4800000, 0x00000000e4800000|100%|HS|  |TAMS 0x00000000e4800000, 0x00000000e4700000| Complete 
|  72|0x00000000e4800000, 0x00000000e4900000, 0x00000000e4900000|100%|HC|  |TAMS 0x00000000e4900000, 0x00000000e4800000| Complete 
|  73|0x00000000e4900000, 0x00000000e4a00000, 0x00000000e4a00000|100%|HS|  |TAMS 0x00000000e4a00000, 0x00000000e4900000| Complete 
|  74|0x00000000e4a00000, 0x00000000e4b00000, 0x00000000e4b00000|100%|HC|  |TAMS 0x00000000e4b00000, 0x00000000e4a00000| Complete 
|  75|0x00000000e4b00000, 0x00000000e4c00000, 0x00000000e4c00000|100%|HC|  |TAMS 0x00000000e4c00000, 0x00000000e4b00000| Complete 
|  76|0x00000000e4c00000, 0x00000000e4d00000, 0x00000000e4d00000|100%|HS|  |TAMS 0x00000000e4d00000, 0x00000000e4c00000| Complete 
|  77|0x00000000e4d00000, 0x00000000e4e00000, 0x00000000e4e00000|100%|HC|  |TAMS 0x00000000e4e00000, 0x00000000e4d00000| Complete 
|  78|0x00000000e4e00000, 0x00000000e4f00000, 0x00000000e4f00000|100%|HC|  |TAMS 0x00000000e4f00000, 0x00000000e4e00000| Complete 
|  79|0x00000000e4f00000, 0x00000000e5000000, 0x00000000e5000000|100%|HS|  |TAMS 0x00000000e5000000, 0x00000000e4f00000| Complete 
|  80|0x00000000e5000000, 0x00000000e5100000, 0x00000000e5100000|100%|HC|  |TAMS 0x00000000e5100000, 0x00000000e5000000| Complete 
|  81|0x00000000e5100000, 0x00000000e5200000, 0x00000000e5200000|100%|HC|  |TAMS 0x00000000e5200000, 0x00000000e5100000| Complete 
|  82|0x00000000e5200000, 0x00000000e5300000, 0x00000000e5300000|100%|HS|  |TAMS 0x00000000e5300000, 0x00000000e5200000| Complete 
|  83|0x00000000e5300000, 0x00000000e5400000, 0x00000000e5400000|100%|HC|  |TAMS 0x00000000e5400000, 0x00000000e5300000| Complete 
|  84|0x00000000e5400000, 0x00000000e5500000, 0x00000000e5500000|100%|HC|  |TAMS 0x00000000e5500000, 0x00000000e5400000| Complete 
|  85|0x00000000e5500000, 0x00000000e5600000, 0x00000000e5600000|100%|HC|  |TAMS 0x00000000e5600000, 0x00000000e5500000| Complete 
|  86|0x00000000e5600000, 0x00000000e5700000, 0x00000000e5700000|100%|HC|  |TAMS 0x00000000e5700000, 0x00000000e5600000| Complete 
|  87|0x00000000e5700000, 0x00000000e5800000, 0x00000000e5800000|100%|HC|  |TAMS 0x00000000e5800000, 0x00000000e5700000| Complete 
|  88|0x00000000e5800000, 0x00000000e5900000, 0x00000000e5900000|100%|HS|  |TAMS 0x00000000e5900000, 0x00000000e5800000| Complete 
|  89|0x00000000e5900000, 0x00000000e5a00000, 0x00000000e5a00000|100%| O|  |TAMS 0x00000000e5a00000, 0x00000000e5900000| Untracked 
|  90|0x00000000e5a00000, 0x00000000e5b00000, 0x00000000e5b00000|100%| O|  |TAMS 0x00000000e5b00000, 0x00000000e5a00000| Untracked 
|  91|0x00000000e5b00000, 0x00000000e5c00000, 0x00000000e5c00000|100%| O|  |TAMS 0x00000000e5c00000, 0x00000000e5b00000| Untracked 
|  92|0x00000000e5c00000, 0x00000000e5d00000, 0x00000000e5d00000|100%| O|  |TAMS 0x00000000e5d00000, 0x00000000e5c00000| Untracked 
|  93|0x00000000e5d00000, 0x00000000e5e00000, 0x00000000e5e00000|100%| O|  |TAMS 0x00000000e5e00000, 0x00000000e5d00000| Untracked 
|  94|0x00000000e5e00000, 0x00000000e5f00000, 0x00000000e5f00000|100%| O|  |TAMS 0x00000000e5f00000, 0x00000000e5e00000| Untracked 
|  95|0x00000000e5f00000, 0x00000000e6000000, 0x00000000e6000000|100%| O|  |TAMS 0x00000000e6000000, 0x00000000e5f00000| Untracked 
|  96|0x00000000e6000000, 0x00000000e6100000, 0x00000000e6100000|100%| O|  |TAMS 0x00000000e6100000, 0x00000000e6000000| Untracked 
|  97|0x00000000e6100000, 0x00000000e6200000, 0x00000000e6200000|100%| O|  |TAMS 0x00000000e6200000, 0x00000000e6100000| Untracked 
|  98|0x00000000e6200000, 0x00000000e6300000, 0x00000000e6300000|100%| O|  |TAMS 0x00000000e6300000, 0x00000000e6200000| Untracked 
|  99|0x00000000e6300000, 0x00000000e6400000, 0x00000000e6400000|100%| O|  |TAMS 0x00000000e6400000, 0x00000000e6300000| Untracked 
| 100|0x00000000e6400000, 0x00000000e6500000, 0x00000000e6500000|100%| O|  |TAMS 0x00000000e6400000, 0x00000000e6400000| Untracked 
| 101|0x00000000e6500000, 0x00000000e6600000, 0x00000000e6600000|100%| O|  |TAMS 0x00000000e6500000, 0x00000000e6500000| Untracked 
| 102|0x00000000e6600000, 0x00000000e6700000, 0x00000000e6700000|100%| O|  |TAMS 0x00000000e6600000, 0x00000000e6600000| Untracked 
| 103|0x00000000e6700000, 0x00000000e6800000, 0x00000000e6800000|100%| O|  |TAMS 0x00000000e6800000, 0x00000000e6700000| Untracked 
| 104|0x00000000e6800000, 0x00000000e6900000, 0x00000000e6900000|100%| O|  |TAMS 0x00000000e6900000, 0x00000000e6800000| Untracked 
| 105|0x00000000e6900000, 0x00000000e6a00000, 0x00000000e6a00000|100%| O|  |TAMS 0x00000000e6a00000, 0x00000000e6900000| Untracked 
| 106|0x00000000e6a00000, 0x00000000e6b00000, 0x00000000e6b00000|100%| O|  |TAMS 0x00000000e6b00000, 0x00000000e6a00000| Untracked 
| 107|0x00000000e6b00000, 0x00000000e6c00000, 0x00000000e6c00000|100%| O|  |TAMS 0x00000000e6c00000, 0x00000000e6b00000| Untracked 
| 108|0x00000000e6c00000, 0x00000000e6d00000, 0x00000000e6d00000|100%| O|  |TAMS 0x00000000e6c00000, 0x00000000e6c00000| Untracked 
| 109|0x00000000e6d00000, 0x00000000e6e00000, 0x00000000e6e00000|100%| O|  |TAMS 0x00000000e6e00000, 0x00000000e6d00000| Untracked 
| 110|0x00000000e6e00000, 0x00000000e6f00000, 0x00000000e6f00000|100%| O|  |TAMS 0x00000000e6f00000, 0x00000000e6e00000| Untracked 
| 111|0x00000000e6f00000, 0x00000000e7000000, 0x00000000e7000000|100%| O|  |TAMS 0x00000000e6f00000, 0x00000000e6f00000| Untracked 
| 112|0x00000000e7000000, 0x00000000e7100000, 0x00000000e7100000|100%| O|  |TAMS 0x00000000e7100000, 0x00000000e7000000| Untracked 
| 113|0x00000000e7100000, 0x00000000e7200000, 0x00000000e7200000|100%| O|  |TAMS 0x00000000e7200000, 0x00000000e7100000| Untracked 
| 114|0x00000000e7200000, 0x00000000e7300000, 0x00000000e7300000|100%| O|  |TAMS 0x00000000e7300000, 0x00000000e7200000| Untracked 
| 115|0x00000000e7300000, 0x00000000e7400000, 0x00000000e7400000|100%| O|  |TAMS 0x00000000e7400000, 0x00000000e7300000| Untracked 
| 116|0x00000000e7400000, 0x00000000e7500000, 0x00000000e7500000|100%| O|  |TAMS 0x00000000e7500000, 0x00000000e7400000| Untracked 
| 117|0x00000000e7500000, 0x00000000e7600000, 0x00000000e7600000|100%| O|  |TAMS 0x00000000e7600000, 0x00000000e7500000| Untracked 
| 118|0x00000000e7600000, 0x00000000e7700000, 0x00000000e7700000|100%| O|  |TAMS 0x00000000e7700000, 0x00000000e7600000| Untracked 
| 119|0x00000000e7700000, 0x00000000e7800000, 0x00000000e7800000|100%| O|  |TAMS 0x00000000e7800000, 0x00000000e7700000| Untracked 
| 120|0x00000000e7800000, 0x00000000e7900000, 0x00000000e7900000|100%| O|  |TAMS 0x00000000e7900000, 0x00000000e7800000| Untracked 
| 121|0x00000000e7900000, 0x00000000e7a00000, 0x00000000e7a00000|100%| O|  |TAMS 0x00000000e7a00000, 0x00000000e7900000| Untracked 
| 122|0x00000000e7a00000, 0x00000000e7b00000, 0x00000000e7b00000|100%| O|  |TAMS 0x00000000e7b00000, 0x00000000e7a00000| Untracked 
| 123|0x00000000e7b00000, 0x00000000e7c00000, 0x00000000e7c00000|100%| O|  |TAMS 0x00000000e7c00000, 0x00000000e7b00000| Untracked 
| 124|0x00000000e7c00000, 0x00000000e7d00000, 0x00000000e7d00000|100%| O|  |TAMS 0x00000000e7d00000, 0x00000000e7c00000| Untracked 
| 125|0x00000000e7d00000, 0x00000000e7e00000, 0x00000000e7e00000|100%| O|  |TAMS 0x00000000e7e00000, 0x00000000e7d00000| Untracked 
| 126|0x00000000e7e00000, 0x00000000e7f00000, 0x00000000e7f00000|100%| O|  |TAMS 0x00000000e7e5dc00, 0x00000000e7e00000| Untracked 
| 127|0x00000000e7f00000, 0x00000000e8000000, 0x00000000e8000000|100%| O|  |TAMS 0x00000000e7f00000, 0x00000000e7f00000| Untracked 
| 128|0x00000000e8000000, 0x00000000e8100000, 0x00000000e8100000|100%| O|  |TAMS 0x00000000e8000000, 0x00000000e8000000| Untracked 
| 129|0x00000000e8100000, 0x00000000e8200000, 0x00000000e8200000|100%| O|  |TAMS 0x00000000e8100000, 0x00000000e8100000| Untracked 
| 130|0x00000000e8200000, 0x00000000e8300000, 0x00000000e8300000|100%| O|  |TAMS 0x00000000e8200000, 0x00000000e8200000| Untracked 
| 131|0x00000000e8300000, 0x00000000e8400000, 0x00000000e8400000|100%| O|  |TAMS 0x00000000e8300000, 0x00000000e8300000| Untracked 
| 132|0x00000000e8400000, 0x00000000e8500000, 0x00000000e8500000|100%| O|  |TAMS 0x00000000e8400000, 0x00000000e8400000| Untracked 
| 133|0x00000000e8500000, 0x00000000e8600000, 0x00000000e8600000|100%| O|  |TAMS 0x00000000e8500000, 0x00000000e8500000| Untracked 
| 134|0x00000000e8600000, 0x00000000e8700000, 0x00000000e8700000|100%| O|  |TAMS 0x00000000e8600000, 0x00000000e8600000| Untracked 
| 135|0x00000000e8700000, 0x00000000e8800000, 0x00000000e8800000|100%| O|  |TAMS 0x00000000e8700000, 0x00000000e8700000| Untracked 
| 136|0x00000000e8800000, 0x00000000e8900000, 0x00000000e8900000|100%| O|  |TAMS 0x00000000e8800000, 0x00000000e8800000| Untracked 
| 137|0x00000000e8900000, 0x00000000e8a00000, 0x00000000e8a00000|100%| O|  |TAMS 0x00000000e8900000, 0x00000000e8900000| Untracked 
| 138|0x00000000e8a00000, 0x00000000e8b00000, 0x00000000e8b00000|100%| O|  |TAMS 0x00000000e8a00000, 0x00000000e8a00000| Untracked 
| 139|0x00000000e8b00000, 0x00000000e8c00000, 0x00000000e8c00000|100%| O|  |TAMS 0x00000000e8b00000, 0x00000000e8b00000| Untracked 
| 140|0x00000000e8c00000, 0x00000000e8d00000, 0x00000000e8d00000|100%| O|  |TAMS 0x00000000e8c00000, 0x00000000e8c00000| Untracked 
| 141|0x00000000e8d00000, 0x00000000e8e00000, 0x00000000e8e00000|100%| O|  |TAMS 0x00000000e8d00000, 0x00000000e8d00000| Untracked 
| 142|0x00000000e8e00000, 0x00000000e8f00000, 0x00000000e8f00000|100%| O|  |TAMS 0x00000000e8e00000, 0x00000000e8e00000| Untracked 
| 143|0x00000000e8f00000, 0x00000000e9000000, 0x00000000e9000000|100%| O|  |TAMS 0x00000000e8f00000, 0x00000000e8f00000| Untracked 
| 144|0x00000000e9000000, 0x00000000e9100000, 0x00000000e9100000|100%| O|  |TAMS 0x00000000e9000000, 0x00000000e9000000| Untracked 
| 145|0x00000000e9100000, 0x00000000e9200000, 0x00000000e9200000|100%| O|  |TAMS 0x00000000e9100000, 0x00000000e9100000| Untracked 
| 146|0x00000000e9200000, 0x00000000e9300000, 0x00000000e9300000|100%| O|  |TAMS 0x00000000e9200000, 0x00000000e9200000| Untracked 
| 147|0x00000000e9300000, 0x00000000e9400000, 0x00000000e9400000|100%| O|  |TAMS 0x00000000e9300000, 0x00000000e9300000| Untracked 
| 148|0x00000000e9400000, 0x00000000e94e1c00, 0x00000000e9500000| 88%| O|  |TAMS 0x00000000e9400000, 0x00000000e9400000| Untracked 
| 149|0x00000000e9500000, 0x00000000e9500000, 0x00000000e9600000|  0%| F|  |TAMS 0x00000000e9500000, 0x00000000e9500000| Untracked 
| 150|0x00000000e9600000, 0x00000000e9600000, 0x00000000e9700000|  0%| F|  |TAMS 0x00000000e9600000, 0x00000000e9600000| Untracked 
| 151|0x00000000e9700000, 0x00000000e9700000, 0x00000000e9800000|  0%| F|  |TAMS 0x00000000e9700000, 0x00000000e9700000| Untracked 
| 152|0x00000000e9800000, 0x00000000e9800000, 0x00000000e9900000|  0%| F|  |TAMS 0x00000000e9800000, 0x00000000e9800000| Untracked 
| 153|0x00000000e9900000, 0x00000000e9900000, 0x00000000e9a00000|  0%| F|  |TAMS 0x00000000e9900000, 0x00000000e9900000| Untracked 
| 154|0x00000000e9a00000, 0x00000000e9a00000, 0x00000000e9b00000|  0%| F|  |TAMS 0x00000000e9a00000, 0x00000000e9a00000| Untracked 
| 155|0x00000000e9b00000, 0x00000000e9b00000, 0x00000000e9c00000|  0%| F|  |TAMS 0x00000000e9b00000, 0x00000000e9b00000| Untracked 
| 156|0x00000000e9c00000, 0x00000000e9c00000, 0x00000000e9d00000|  0%| F|  |TAMS 0x00000000e9c00000, 0x00000000e9c00000| Untracked 
| 157|0x00000000e9d00000, 0x00000000e9d00000, 0x00000000e9e00000|  0%| F|  |TAMS 0x00000000e9d00000, 0x00000000e9d00000| Untracked 
| 158|0x00000000e9e00000, 0x00000000e9e00000, 0x00000000e9f00000|  0%| F|  |TAMS 0x00000000e9e00000, 0x00000000e9e00000| Untracked 
| 159|0x00000000e9f00000, 0x00000000e9f00000, 0x00000000ea000000|  0%| F|  |TAMS 0x00000000e9f00000, 0x00000000e9f00000| Untracked 
| 160|0x00000000ea000000, 0x00000000ea000000, 0x00000000ea100000|  0%| F|  |TAMS 0x00000000ea000000, 0x00000000ea000000| Untracked 
| 161|0x00000000ea100000, 0x00000000ea100000, 0x00000000ea200000|  0%| F|  |TAMS 0x00000000ea100000, 0x00000000ea100000| Untracked 
| 162|0x00000000ea200000, 0x00000000ea200000, 0x00000000ea300000|  0%| F|  |TAMS 0x00000000ea200000, 0x00000000ea200000| Untracked 
| 163|0x00000000ea300000, 0x00000000ea300000, 0x00000000ea400000|  0%| F|  |TAMS 0x00000000ea300000, 0x00000000ea300000| Untracked 
| 164|0x00000000ea400000, 0x00000000ea400000, 0x00000000ea500000|  0%| F|  |TAMS 0x00000000ea400000, 0x00000000ea400000| Untracked 
| 165|0x00000000ea500000, 0x00000000ea500000, 0x00000000ea600000|  0%| F|  |TAMS 0x00000000ea500000, 0x00000000ea500000| Untracked 
| 166|0x00000000ea600000, 0x00000000ea600000, 0x00000000ea700000|  0%| F|  |TAMS 0x00000000ea600000, 0x00000000ea600000| Untracked 
| 167|0x00000000ea700000, 0x00000000ea700000, 0x00000000ea800000|  0%| F|  |TAMS 0x00000000ea700000, 0x00000000ea700000| Untracked 
| 168|0x00000000ea800000, 0x00000000ea800000, 0x00000000ea900000|  0%| F|  |TAMS 0x00000000ea800000, 0x00000000ea800000| Untracked 
| 169|0x00000000ea900000, 0x00000000ea900000, 0x00000000eaa00000|  0%| F|  |TAMS 0x00000000ea900000, 0x00000000ea900000| Untracked 
| 170|0x00000000eaa00000, 0x00000000eaa00000, 0x00000000eab00000|  0%| F|  |TAMS 0x00000000eaa00000, 0x00000000eaa00000| Untracked 
| 171|0x00000000eab00000, 0x00000000eab00000, 0x00000000eac00000|  0%| F|  |TAMS 0x00000000eab00000, 0x00000000eab00000| Untracked 
| 172|0x00000000eac00000, 0x00000000eac00000, 0x00000000ead00000|  0%| F|  |TAMS 0x00000000eac00000, 0x00000000eac00000| Untracked 
| 173|0x00000000ead00000, 0x00000000ead00000, 0x00000000eae00000|  0%| F|  |TAMS 0x00000000ead00000, 0x00000000ead00000| Untracked 
| 174|0x00000000eae00000, 0x00000000eae00000, 0x00000000eaf00000|  0%| F|  |TAMS 0x00000000eae00000, 0x00000000eae00000| Untracked 
| 175|0x00000000eaf00000, 0x00000000eaff4280, 0x00000000eb000000| 95%| S|CS|TAMS 0x00000000eaf00000, 0x00000000eaf00000| Complete 
| 176|0x00000000eb000000, 0x00000000eb000000, 0x00000000eb100000|  0%| F|  |TAMS 0x00000000eb000000, 0x00000000eb000000| Untracked 
| 177|0x00000000eb100000, 0x00000000eb100000, 0x00000000eb200000|  0%| F|  |TAMS 0x00000000eb100000, 0x00000000eb100000| Untracked 
| 178|0x00000000eb200000, 0x00000000eb300000, 0x00000000eb300000|100%| S|CS|TAMS 0x00000000eb200000, 0x00000000eb200000| Complete 
| 179|0x00000000eb300000, 0x00000000eb300000, 0x00000000eb400000|  0%| F|  |TAMS 0x00000000eb300000, 0x00000000eb300000| Untracked 
| 180|0x00000000eb400000, 0x00000000eb400000, 0x00000000eb500000|  0%| F|  |TAMS 0x00000000eb400000, 0x00000000eb400000| Untracked 
| 181|0x00000000eb500000, 0x00000000eb500000, 0x00000000eb600000|  0%| F|  |TAMS 0x00000000eb500000, 0x00000000eb500000| Untracked 
| 182|0x00000000eb600000, 0x00000000eb700000, 0x00000000eb700000|100%| S|CS|TAMS 0x00000000eb600000, 0x00000000eb600000| Complete 
| 183|0x00000000eb700000, 0x00000000eb800000, 0x00000000eb800000|100%| S|CS|TAMS 0x00000000eb700000, 0x00000000eb700000| Complete 
| 184|0x00000000eb800000, 0x00000000eb800000, 0x00000000eb900000|  0%| F|  |TAMS 0x00000000eb800000, 0x00000000eb800000| Untracked 
| 185|0x00000000eb900000, 0x00000000eba00000, 0x00000000eba00000|100%| S|CS|TAMS 0x00000000eb900000, 0x00000000eb900000| Complete 
| 186|0x00000000eba00000, 0x00000000ebb00000, 0x00000000ebb00000|100%| S|CS|TAMS 0x00000000eba00000, 0x00000000eba00000| Complete 
| 187|0x00000000ebb00000, 0x00000000ebbb7440, 0x00000000ebc00000| 71%| E|  |TAMS 0x00000000ebb00000, 0x00000000ebb00000| Complete 
| 188|0x00000000ebc00000, 0x00000000ebd00000, 0x00000000ebd00000|100%| E|CS|TAMS 0x00000000ebc00000, 0x00000000ebc00000| Complete 
| 189|0x00000000ebd00000, 0x00000000ebe00000, 0x00000000ebe00000|100%| E|CS|TAMS 0x00000000ebd00000, 0x00000000ebd00000| Complete 
| 190|0x00000000ebe00000, 0x00000000ebf00000, 0x00000000ebf00000|100%| E|CS|TAMS 0x00000000ebe00000, 0x00000000ebe00000| Complete 
| 191|0x00000000ebf00000, 0x00000000ec000000, 0x00000000ec000000|100%| E|CS|TAMS 0x00000000ebf00000, 0x00000000ebf00000| Complete 
| 192|0x00000000ec000000, 0x00000000ec100000, 0x00000000ec100000|100%| E|CS|TAMS 0x00000000ec000000, 0x00000000ec000000| Complete 
| 193|0x00000000ec100000, 0x00000000ec200000, 0x00000000ec200000|100%| E|CS|TAMS 0x00000000ec100000, 0x00000000ec100000| Complete 
| 194|0x00000000ec200000, 0x00000000ec300000, 0x00000000ec300000|100%| E|CS|TAMS 0x00000000ec200000, 0x00000000ec200000| Complete 
| 195|0x00000000ec300000, 0x00000000ec400000, 0x00000000ec400000|100%| E|CS|TAMS 0x00000000ec300000, 0x00000000ec300000| Complete 
| 196|0x00000000ec400000, 0x00000000ec500000, 0x00000000ec500000|100%| E|CS|TAMS 0x00000000ec400000, 0x00000000ec400000| Complete 
| 197|0x00000000ec500000, 0x00000000ec600000, 0x00000000ec600000|100%| E|CS|TAMS 0x00000000ec500000, 0x00000000ec500000| Complete 
| 198|0x00000000ec600000, 0x00000000ec700000, 0x00000000ec700000|100%| E|CS|TAMS 0x00000000ec600000, 0x00000000ec600000| Complete 
| 199|0x00000000ec700000, 0x00000000ec800000, 0x00000000ec800000|100%| E|CS|TAMS 0x00000000ec700000, 0x00000000ec700000| Complete 
| 200|0x00000000ec800000, 0x00000000ec900000, 0x00000000ec900000|100%| E|CS|TAMS 0x00000000ec800000, 0x00000000ec800000| Complete 
| 201|0x00000000ec900000, 0x00000000eca00000, 0x00000000eca00000|100%| E|CS|TAMS 0x00000000ec900000, 0x00000000ec900000| Complete 
| 202|0x00000000eca00000, 0x00000000ecb00000, 0x00000000ecb00000|100%| E|CS|TAMS 0x00000000eca00000, 0x00000000eca00000| Complete 
| 203|0x00000000ecb00000, 0x00000000ecc00000, 0x00000000ecc00000|100%| E|CS|TAMS 0x00000000ecb00000, 0x00000000ecb00000| Complete 
| 204|0x00000000ecc00000, 0x00000000ecd00000, 0x00000000ecd00000|100%| E|CS|TAMS 0x00000000ecc00000, 0x00000000ecc00000| Complete 
| 205|0x00000000ecd00000, 0x00000000ece00000, 0x00000000ece00000|100%| E|CS|TAMS 0x00000000ecd00000, 0x00000000ecd00000| Complete 
| 206|0x00000000ece00000, 0x00000000ecf00000, 0x00000000ecf00000|100%| E|CS|TAMS 0x00000000ece00000, 0x00000000ece00000| Complete 
| 207|0x00000000ecf00000, 0x00000000ed000000, 0x00000000ed000000|100%| E|CS|TAMS 0x00000000ecf00000, 0x00000000ecf00000| Complete 
| 208|0x00000000ed000000, 0x00000000ed100000, 0x00000000ed100000|100%| E|CS|TAMS 0x00000000ed000000, 0x00000000ed000000| Complete 
| 209|0x00000000ed100000, 0x00000000ed200000, 0x00000000ed200000|100%| E|CS|TAMS 0x00000000ed100000, 0x00000000ed100000| Complete 
| 210|0x00000000ed200000, 0x00000000ed300000, 0x00000000ed300000|100%| E|CS|TAMS 0x00000000ed200000, 0x00000000ed200000| Complete 
| 211|0x00000000ed300000, 0x00000000ed400000, 0x00000000ed400000|100%| E|CS|TAMS 0x00000000ed300000, 0x00000000ed300000| Complete 
| 212|0x00000000ed400000, 0x00000000ed500000, 0x00000000ed500000|100%| E|CS|TAMS 0x00000000ed400000, 0x00000000ed400000| Complete 
| 213|0x00000000ed500000, 0x00000000ed600000, 0x00000000ed600000|100%| E|CS|TAMS 0x00000000ed500000, 0x00000000ed500000| Complete 
| 214|0x00000000ed600000, 0x00000000ed700000, 0x00000000ed700000|100%| E|CS|TAMS 0x00000000ed600000, 0x00000000ed600000| Complete 
| 215|0x00000000ed700000, 0x00000000ed800000, 0x00000000ed800000|100%| E|CS|TAMS 0x00000000ed700000, 0x00000000ed700000| Complete 
| 216|0x00000000ed800000, 0x00000000ed900000, 0x00000000ed900000|100%| E|CS|TAMS 0x00000000ed800000, 0x00000000ed800000| Complete 
| 217|0x00000000ed900000, 0x00000000eda00000, 0x00000000eda00000|100%| E|CS|TAMS 0x00000000ed900000, 0x00000000ed900000| Complete 
| 218|0x00000000eda00000, 0x00000000edb00000, 0x00000000edb00000|100%| E|CS|TAMS 0x00000000eda00000, 0x00000000eda00000| Complete 
| 219|0x00000000edb00000, 0x00000000edc00000, 0x00000000edc00000|100%| E|CS|TAMS 0x00000000edb00000, 0x00000000edb00000| Complete 
| 220|0x00000000edc00000, 0x00000000edd00000, 0x00000000edd00000|100%| E|CS|TAMS 0x00000000edc00000, 0x00000000edc00000| Complete 
| 221|0x00000000edd00000, 0x00000000ede00000, 0x00000000ede00000|100%| E|CS|TAMS 0x00000000edd00000, 0x00000000edd00000| Complete 
| 222|0x00000000ede00000, 0x00000000edf00000, 0x00000000edf00000|100%| E|CS|TAMS 0x00000000ede00000, 0x00000000ede00000| Complete 
| 223|0x00000000edf00000, 0x00000000ee000000, 0x00000000ee000000|100%| E|CS|TAMS 0x00000000edf00000, 0x00000000edf00000| Complete 
| 224|0x00000000ee000000, 0x00000000ee100000, 0x00000000ee100000|100%| E|CS|TAMS 0x00000000ee000000, 0x00000000ee000000| Complete 
| 225|0x00000000ee100000, 0x00000000ee200000, 0x00000000ee200000|100%| E|CS|TAMS 0x00000000ee100000, 0x00000000ee100000| Complete 
| 226|0x00000000ee200000, 0x00000000ee300000, 0x00000000ee300000|100%| E|CS|TAMS 0x00000000ee200000, 0x00000000ee200000| Complete 
| 227|0x00000000ee300000, 0x00000000ee400000, 0x00000000ee400000|100%| E|CS|TAMS 0x00000000ee300000, 0x00000000ee300000| Complete 
| 228|0x00000000ee400000, 0x00000000ee500000, 0x00000000ee500000|100%| E|CS|TAMS 0x00000000ee400000, 0x00000000ee400000| Complete 
| 229|0x00000000ee500000, 0x00000000ee600000, 0x00000000ee600000|100%| E|CS|TAMS 0x00000000ee500000, 0x00000000ee500000| Complete 
| 230|0x00000000ee600000, 0x00000000ee700000, 0x00000000ee700000|100%| E|CS|TAMS 0x00000000ee600000, 0x00000000ee600000| Complete 
| 231|0x00000000ee700000, 0x00000000ee800000, 0x00000000ee800000|100%| E|CS|TAMS 0x00000000ee700000, 0x00000000ee700000| Complete 
| 232|0x00000000ee800000, 0x00000000ee900000, 0x00000000ee900000|100%| E|CS|TAMS 0x00000000ee800000, 0x00000000ee800000| Complete 
| 233|0x00000000ee900000, 0x00000000eea00000, 0x00000000eea00000|100%| E|CS|TAMS 0x00000000ee900000, 0x00000000ee900000| Complete 
| 234|0x00000000eea00000, 0x00000000eeb00000, 0x00000000eeb00000|100%| E|CS|TAMS 0x00000000eea00000, 0x00000000eea00000| Complete 
| 235|0x00000000eeb00000, 0x00000000eec00000, 0x00000000eec00000|100%| E|CS|TAMS 0x00000000eeb00000, 0x00000000eeb00000| Complete 
| 236|0x00000000eec00000, 0x00000000eed00000, 0x00000000eed00000|100%| E|CS|TAMS 0x00000000eec00000, 0x00000000eec00000| Complete 
| 237|0x00000000eed00000, 0x00000000eee00000, 0x00000000eee00000|100%| E|CS|TAMS 0x00000000eed00000, 0x00000000eed00000| Complete 
| 238|0x00000000eee00000, 0x00000000eef00000, 0x00000000eef00000|100%| E|CS|TAMS 0x00000000eee00000, 0x00000000eee00000| Complete 
| 239|0x00000000eef00000, 0x00000000ef000000, 0x00000000ef000000|100%| E|CS|TAMS 0x00000000eef00000, 0x00000000eef00000| Complete 
| 240|0x00000000ef000000, 0x00000000ef100000, 0x00000000ef100000|100%| E|CS|TAMS 0x00000000ef000000, 0x00000000ef000000| Complete 
| 241|0x00000000ef100000, 0x00000000ef200000, 0x00000000ef200000|100%| E|CS|TAMS 0x00000000ef100000, 0x00000000ef100000| Complete 
| 242|0x00000000ef200000, 0x00000000ef300000, 0x00000000ef300000|100%| E|CS|TAMS 0x00000000ef200000, 0x00000000ef200000| Complete 
| 243|0x00000000ef300000, 0x00000000ef400000, 0x00000000ef400000|100%| E|CS|TAMS 0x00000000ef300000, 0x00000000ef300000| Complete 
| 244|0x00000000ef400000, 0x00000000ef500000, 0x00000000ef500000|100%| E|CS|TAMS 0x00000000ef400000, 0x00000000ef400000| Complete 
| 245|0x00000000ef500000, 0x00000000ef600000, 0x00000000ef600000|100%| E|CS|TAMS 0x00000000ef500000, 0x00000000ef500000| Complete 
| 246|0x00000000ef600000, 0x00000000ef700000, 0x00000000ef700000|100%| E|CS|TAMS 0x00000000ef600000, 0x00000000ef600000| Complete 
| 247|0x00000000ef700000, 0x00000000ef800000, 0x00000000ef800000|100%| E|CS|TAMS 0x00000000ef700000, 0x00000000ef700000| Complete 
| 248|0x00000000ef800000, 0x00000000ef900000, 0x00000000ef900000|100%| E|CS|TAMS 0x00000000ef800000, 0x00000000ef800000| Complete 
| 249|0x00000000ef900000, 0x00000000efa00000, 0x00000000efa00000|100%| E|CS|TAMS 0x00000000ef900000, 0x00000000ef900000| Complete 
| 250|0x00000000efa00000, 0x00000000efb00000, 0x00000000efb00000|100%| E|CS|TAMS 0x00000000efa00000, 0x00000000efa00000| Complete 
| 251|0x00000000efb00000, 0x00000000efc00000, 0x00000000efc00000|100%| E|CS|TAMS 0x00000000efb00000, 0x00000000efb00000| Complete 
| 252|0x00000000efc00000, 0x00000000efd00000, 0x00000000efd00000|100%| E|CS|TAMS 0x00000000efc00000, 0x00000000efc00000| Complete 
| 253|0x00000000efd00000, 0x00000000efe00000, 0x00000000efe00000|100%| E|CS|TAMS 0x00000000efd00000, 0x00000000efd00000| Complete 
| 254|0x00000000efe00000, 0x00000000eff00000, 0x00000000eff00000|100%| E|CS|TAMS 0x00000000efe00000, 0x00000000efe00000| Complete 
| 255|0x00000000eff00000, 0x00000000f0000000, 0x00000000f0000000|100%| E|CS|TAMS 0x00000000eff00000, 0x00000000eff00000| Complete 

Card table byte_map: [0x000001f06bf60000,0x000001f06c060000] _byte_map_base: 0x000001f06b860000

Marking Bits (Prev, Next): (CMBitMap*) 0x000001f055480bc0, (CMBitMap*) 0x000001f055480c00
 Prev Bits: [0x000001f06c160000, 0x000001f06c960000)
 Next Bits: [0x000001f06c960000, 0x000001f06d160000)

Polling page: 0x000001f054c20000

Metaspace:

Usage:
  Non-class:     82.52 MB used.
      Class:     12.37 MB used.
       Both:     94.89 MB used.

Virtual space:
  Non-class space:      128.00 MB reserved,      83.06 MB ( 65%) committed,  2 nodes.
      Class space:      320.00 MB reserved,      12.81 MB (  4%) committed,  1 nodes.
             Both:      448.00 MB reserved,      95.88 MB ( 21%) committed. 

Chunk freelists:
   Non-Class:  12.84 MB
       Class:  3.16 MB
        Both:  16.00 MB

MaxMetaspaceSize: 384.00 MB
CompressedClassSpaceSize: 320.00 MB
Initial GC threshold: 21.00 MB
Current GC threshold: 154.19 MB
CDS: on
MetaspaceReclaimPolicy: balanced
 - commit_granule_bytes: 65536.
 - commit_granule_words: 8192.
 - virtual_space_node_default_size: 8388608.
 - enlarge_chunks_in_place: 1.
 - new_chunks_are_fully_committed: 0.
 - uncommit_free_chunks: 1.
 - use_allocation_guard: 0.
 - handle_deallocations: 1.


Internal statistics:

num_allocs_failed_limit: 15.
num_arena_births: 1688.
num_arena_deaths: 418.
num_vsnodes_births: 3.
num_vsnodes_deaths: 0.
num_space_committed: 1534.
num_space_uncommitted: 0.
num_chunks_returned_to_freelist: 602.
num_chunks_taken_from_freelist: 6155.
num_chunk_merges: 201.
num_chunk_splits: 3681.
num_chunks_enlarged: 2140.
num_inconsistent_stats: 0.

CodeHeap 'non-profiled nmethods': size=120000Kb used=13669Kb max_used=13669Kb free=106330Kb
 bounds [0x000001f064a30000, 0x000001f065790000, 0x000001f06bf60000]
CodeHeap 'profiled nmethods': size=120000Kb used=32512Kb max_used=33498Kb free=87487Kb
 bounds [0x000001f05cf60000, 0x000001f05f040000, 0x000001f064490000]
CodeHeap 'non-nmethods': size=5760Kb used=2420Kb max_used=2486Kb free=3339Kb
 bounds [0x000001f064490000, 0x000001f064710000, 0x000001f064a30000]
 total_blobs=17731 nmethods=16779 adapters=862
 compilation: enabled
              stopped_count=0, restarted_count=0
 full_count=0

Compilation events (20 events):
Event: 3703.429 Thread 0x000001f06f74bf00 nmethod 20932 0x000001f06576c690 code [0x000001f06576cf40, 0x000001f065778868]
Event: 3703.430 Thread 0x000001f06f74bf00 20936       4       org.objectweb.asm.ClassReader::readField (671 bytes)
Event: 3703.626 Thread 0x000001f06f74bf00 nmethod 20936 0x000001f06577fe90 code [0x000001f065780260, 0x000001f065783ae0]
Event: 3703.626 Thread 0x000001f06f74bf00 20935       4       org.gradle.cache.internal.btree.BTreePersistentIndexedCache$DataBlock::write (33 bytes)
Event: 3703.666 Thread 0x000001f06f74bf00 nmethod 20935 0x000001f065786310 code [0x000001f0657864e0, 0x000001f0657875b8]
Event: 3703.666 Thread 0x000001f06f74bf00 20933       4       org.gradle.cache.internal.InMemoryDecoratedCache::putLater (24 bytes)
Event: 3703.683 Thread 0x000001f06f74bf00 nmethod 20933 0x000001f065787c90 code [0x000001f065787e80, 0x000001f065788508]
Event: 3703.683 Thread 0x000001f06f74bf00 20934   !   4       org.gradle.cache.internal.AsyncCacheAccessDecoratedCache::putLater (33 bytes)
Event: 3703.686 Thread 0x000001f06f74bf00 nmethod 20934 0x000001f065788c90 code [0x000001f065788e20, 0x000001f065788fe8]
Event: 3703.721 Thread 0x000001f06f7569c0 20938       3       com.esotericsoftware.kryo.io.Output::writeString_slow (238 bytes)
Event: 3703.722 Thread 0x000001f06f7569c0 nmethod 20938 0x000001f05d2e7b90 code [0x000001f05d2e7da0, 0x000001f05d2e8458]
Event: 3703.725 Thread 0x000001f06f7569c0 20939       3       org.objectweb.asm.MethodVisitor::visitAnnotableParameterCount (17 bytes)
Event: 3703.726 Thread 0x000001f06f7569c0 nmethod 20939 0x000001f05e2fd110 code [0x000001f05e2fd2c0, 0x000001f05e2fd4c8]
Event: 3703.790 Thread 0x000001f06f7569c0 20940 %     2       org.objectweb.asm.ClassReader::readCode @ 1631 (5117 bytes)
Event: 3703.802 Thread 0x000001f06f74bf00 20941       4       org.objectweb.asm.Label::addLineNumber (106 bytes)
Event: 3703.802 Thread 0x000001f06f74bf00 nmethod 20941 0x000001f065789210 code [0x000001f065789380, 0x000001f065789438]
Event: 3703.815 Thread 0x000001f06f7569c0 nmethod 20940% 0x000001f05efd8810 code [0x000001f05efd9540, 0x000001f05efe2988]
Event: 3703.816 Thread 0x000001f06f7569c0 20942 %     2       org.objectweb.asm.ClassReader::readCode @ 1561 (5117 bytes)
Event: 3703.841 Thread 0x000001f06f7569c0 nmethod 20942% 0x000001f05d9c9990 code [0x000001f05d9ca6a0, 0x000001f05d9d2de8]
Event: 3703.841 Thread 0x000001f06f74bf00 20943       4       org.objectweb.asm.ClassReader::readCode (5117 bytes)

GC Heap History (20 events):
Event: 3670.642 GC heap before
{Heap before GC invocations=31 (full 0):
 garbage-first heap   total 262144K, used 223399K [0x00000000e0000000, 0x0000000100000000)
  region size 1024K, 76 young (77824K), 2 survivors (2048K)
 Metaspace       used 96739K, committed 97728K, reserved 458752K
  class space    used 12628K, committed 13056K, reserved 327680K
}
Event: 3670.647 GC heap after
{Heap after GC invocations=32 (full 0):
 garbage-first heap   total 262144K, used 147667K [0x00000000e0000000, 0x0000000100000000)
  region size 1024K, 2 young (2048K), 2 survivors (2048K)
 Metaspace       used 96739K, committed 97728K, reserved 458752K
  class space    used 12628K, committed 13056K, reserved 327680K
}
Event: 3672.266 GC heap before
{Heap before GC invocations=32 (full 0):
 garbage-first heap   total 262144K, used 225491K [0x00000000e0000000, 0x0000000100000000)
  region size 1024K, 78 young (79872K), 2 survivors (2048K)
 Metaspace       used 96745K, committed 97728K, reserved 458752K
  class space    used 12628K, committed 13056K, reserved 327680K
}
Event: 3672.270 GC heap after
{Heap after GC invocations=33 (full 0):
 garbage-first heap   total 262144K, used 146662K [0x00000000e0000000, 0x0000000100000000)
  region size 1024K, 2 young (2048K), 2 survivors (2048K)
 Metaspace       used 96745K, committed 97728K, reserved 458752K
  class space    used 12628K, committed 13056K, reserved 327680K
}
Event: 3673.551 GC heap before
{Heap before GC invocations=33 (full 0):
 garbage-first heap   total 262144K, used 226534K [0x00000000e0000000, 0x0000000100000000)
  region size 1024K, 80 young (81920K), 2 survivors (2048K)
 Metaspace       used 96753K, committed 97728K, reserved 458752K
  class space    used 12628K, committed 13056K, reserved 327680K
}
Event: 3673.555 GC heap after
{Heap after GC invocations=34 (full 0):
 garbage-first heap   total 262144K, used 146163K [0x00000000e0000000, 0x0000000100000000)
  region size 1024K, 1 young (1024K), 1 survivors (1024K)
 Metaspace       used 96753K, committed 97728K, reserved 458752K
  class space    used 12628K, committed 13056K, reserved 327680K
}
Event: 3684.490 GC heap before
{Heap before GC invocations=34 (full 0):
 garbage-first heap   total 262144K, used 229107K [0x00000000e0000000, 0x0000000100000000)
  region size 1024K, 82 young (83968K), 1 survivors (1024K)
 Metaspace       used 97147K, committed 98112K, reserved 458752K
  class space    used 12664K, committed 13120K, reserved 327680K
}
Event: 3684.517 GC heap after
{Heap after GC invocations=35 (full 0):
 garbage-first heap   total 262144K, used 152632K [0x00000000e0000000, 0x0000000100000000)
  region size 1024K, 8 young (8192K), 8 survivors (8192K)
 Metaspace       used 97147K, committed 98112K, reserved 458752K
  class space    used 12664K, committed 13120K, reserved 327680K
}
Event: 3688.425 GC heap before
{Heap before GC invocations=35 (full 0):
 garbage-first heap   total 262144K, used 222264K [0x00000000e0000000, 0x0000000100000000)
  region size 1024K, 77 young (78848K), 8 survivors (8192K)
 Metaspace       used 97152K, committed 98176K, reserved 458752K
  class space    used 12664K, committed 13120K, reserved 327680K
}
Event: 3688.491 GC heap after
{Heap after GC invocations=36 (full 0):
 garbage-first heap   total 262144K, used 154789K [0x00000000e0000000, 0x0000000100000000)
  region size 1024K, 3 young (3072K), 3 survivors (3072K)
 Metaspace       used 97152K, committed 98176K, reserved 458752K
  class space    used 12664K, committed 13120K, reserved 327680K
}
Event: 3692.396 GC heap before
{Heap before GC invocations=36 (full 0):
 garbage-first heap   total 262144K, used 223397K [0x00000000e0000000, 0x0000000100000000)
  region size 1024K, 71 young (72704K), 3 survivors (3072K)
 Metaspace       used 97152K, committed 98176K, reserved 458752K
  class space    used 12664K, committed 13120K, reserved 327680K
}
Event: 3692.401 GC heap after
{Heap after GC invocations=37 (full 0):
 garbage-first heap   total 262144K, used 155466K [0x00000000e0000000, 0x0000000100000000)
  region size 1024K, 3 young (3072K), 3 survivors (3072K)
 Metaspace       used 97152K, committed 98176K, reserved 458752K
  class space    used 12664K, committed 13120K, reserved 327680K
}
Event: 3695.053 GC heap before
{Heap before GC invocations=37 (full 0):
 garbage-first heap   total 262144K, used 225098K [0x00000000e0000000, 0x0000000100000000)
  region size 1024K, 72 young (73728K), 3 survivors (3072K)
 Metaspace       used 97152K, committed 98176K, reserved 458752K
  class space    used 12664K, committed 13120K, reserved 327680K
}
Event: 3695.063 GC heap after
{Heap after GC invocations=38 (full 0):
 garbage-first heap   total 262144K, used 156966K [0x00000000e0000000, 0x0000000100000000)
  region size 1024K, 5 young (5120K), 5 survivors (5120K)
 Metaspace       used 97152K, committed 98176K, reserved 458752K
  class space    used 12664K, committed 13120K, reserved 327680K
}
Event: 3699.905 GC heap before
{Heap before GC invocations=38 (full 0):
 garbage-first heap   total 262144K, used 226598K [0x00000000e0000000, 0x0000000100000000)
  region size 1024K, 73 young (74752K), 5 survivors (5120K)
 Metaspace       used 97162K, committed 98176K, reserved 458752K
  class space    used 12667K, committed 13120K, reserved 327680K
}
Event: 3699.916 GC heap after
{Heap after GC invocations=39 (full 0):
 garbage-first heap   total 262144K, used 157530K [0x00000000e0000000, 0x0000000100000000)
  region size 1024K, 5 young (5120K), 5 survivors (5120K)
 Metaspace       used 97162K, committed 98176K, reserved 458752K
  class space    used 12667K, committed 13120K, reserved 327680K
}
Event: 3701.452 GC heap before
{Heap before GC invocations=39 (full 0):
 garbage-first heap   total 262144K, used 227162K [0x00000000e0000000, 0x0000000100000000)
  region size 1024K, 74 young (75776K), 5 survivors (5120K)
 Metaspace       used 97163K, committed 98176K, reserved 458752K
  class space    used 12667K, committed 13120K, reserved 327680K
}
Event: 3701.459 GC heap after
{Heap after GC invocations=40 (full 0):
 garbage-first heap   total 262144K, used 157806K [0x00000000e0000000, 0x0000000100000000)
  region size 1024K, 6 young (6144K), 6 survivors (6144K)
 Metaspace       used 97163K, committed 98176K, reserved 458752K
  class space    used 12667K, committed 13120K, reserved 327680K
}
Event: 3702.921 GC heap before
{Heap before GC invocations=40 (full 0):
 garbage-first heap   total 262144K, used 228462K [0x00000000e0000000, 0x0000000100000000)
  region size 1024K, 75 young (76800K), 6 survivors (6144K)
 Metaspace       used 97164K, committed 98176K, reserved 458752K
  class space    used 12667K, committed 13120K, reserved 327680K
}
Event: 3702.934 GC heap after
{Heap after GC invocations=41 (full 0):
 garbage-first heap   total 262144K, used 158551K [0x00000000e0000000, 0x0000000100000000)
  region size 1024K, 6 young (6144K), 6 survivors (6144K)
 Metaspace       used 97164K, committed 98176K, reserved 458752K
  class space    used 12667K, committed 13120K, reserved 327680K
}

Dll operation events (14 events):
Event: 0.063 Loaded shared library C:\Users\91880\.jdks\corretto-17.0.7\bin\java.dll
Event: 0.149 Loaded shared library C:\Users\91880\.jdks\corretto-17.0.7\bin\jsvml.dll
Event: 0.303 Loaded shared library C:\Users\91880\.jdks\corretto-17.0.7\bin\zip.dll
Event: 0.311 Loaded shared library C:\Users\91880\.jdks\corretto-17.0.7\bin\instrument.dll
Event: 0.321 Loaded shared library C:\Users\91880\.jdks\corretto-17.0.7\bin\net.dll
Event: 0.324 Loaded shared library C:\Users\91880\.jdks\corretto-17.0.7\bin\nio.dll
Event: 0.332 Loaded shared library C:\Users\91880\.jdks\corretto-17.0.7\bin\zip.dll
Event: 0.933 Loaded shared library C:\Users\91880\.jdks\corretto-17.0.7\bin\jimage.dll
Event: 1.230 Loaded shared library C:\Users\91880\.jdks\corretto-17.0.7\bin\verify.dll
Event: 1.599 Loaded shared library C:\Users\91880\.gradle\native\c067742578af261105cb4f569cf0c3c89f3d7b1fecec35dd04571415982c5e48\windows-amd64\native-platform.dll
Event: 1.630 Loaded shared library C:\Users\91880\.gradle\native\38dada09dfb8b06ba9b0570ebf7e218e3eb74d4ef43ca46872605cf95ebc2f47\windows-amd64\native-platform-file-events.dll
Event: 3.753 Loaded shared library C:\Users\91880\.jdks\corretto-17.0.7\bin\management.dll
Event: 3.758 Loaded shared library C:\Users\91880\.jdks\corretto-17.0.7\bin\management_ext.dll
Event: 4.562 Loaded shared library C:\Users\91880\.jdks\corretto-17.0.7\bin\sunmscapi.dll

Deoptimization events (20 events):
Event: 3701.507 Thread 0x000001f0780f1cc0 Uncommon trap: trap_request=0xffffff76 fr.pc=0x000001f0656e6444 relative=0x0000000000003364
Event: 3701.507 Thread 0x000001f0780f1cc0 Uncommon trap: reason=predicate action=maybe_recompile pc=0x000001f0656e6444 method=org.objectweb.asm.ClassReader.readField(Lorg/objectweb/asm/ClassVisitor;Lorg/objectweb/asm/Context;I)I @ 497 c2
Event: 3701.507 Thread 0x000001f0780f1cc0 DEOPT PACKING pc=0x000001f0656e6444 sp=0x000000a8146fe3b0
Event: 3701.507 Thread 0x000001f0780f1cc0 DEOPT UNPACKING pc=0x000001f0644e69a3 sp=0x000000a8146fe358 mode 2
Event: 3701.546 Thread 0x000001f0780f1cc0 Uncommon trap: trap_request=0xffffff45 fr.pc=0x000001f065664158 relative=0x0000000000001e98
Event: 3701.546 Thread 0x000001f0780f1cc0 Uncommon trap: reason=unstable_if action=reinterpret pc=0x000001f065664158 method=org.objectweb.asm.signature.SignatureReader.parseType(Ljava/lang/String;ILorg/objectweb/asm/signature/SignatureVisitor;)I @ 290 c2
Event: 3701.546 Thread 0x000001f0780f1cc0 DEOPT PACKING pc=0x000001f065664158 sp=0x000000a8146fe060
Event: 3701.546 Thread 0x000001f0780f1cc0 DEOPT UNPACKING pc=0x000001f0644e69a3 sp=0x000000a8146fe010 mode 2
Event: 3702.252 Thread 0x000001f0780f1cc0 Uncommon trap: trap_request=0xffffff76 fr.pc=0x000001f06563d36c relative=0x000000000000a96c
Event: 3702.252 Thread 0x000001f0780f1cc0 Uncommon trap: reason=predicate action=maybe_recompile pc=0x000001f06563d36c method=org.objectweb.asm.ClassReader.accept(Lorg/objectweb/asm/ClassVisitor;[Lorg/objectweb/asm/Attribute;I)V @ 970 c2
Event: 3702.252 Thread 0x000001f0780f1cc0 DEOPT PACKING pc=0x000001f06563d36c sp=0x000000a8146fe490
Event: 3702.252 Thread 0x000001f0780f1cc0 DEOPT UNPACKING pc=0x000001f0644e69a3 sp=0x000000a8146fe488 mode 2
Event: 3703.789 Thread 0x000001f0780f1cc0 Uncommon trap: trap_request=0xffffffde fr.pc=0x000001f06561c904 relative=0x000000000000b724
Event: 3703.789 Thread 0x000001f0780f1cc0 Uncommon trap: reason=class_check action=maybe_recompile pc=0x000001f06561c904 method=org.objectweb.asm.ClassReader.readCode(Lorg/objectweb/asm/MethodVisitor;Lorg/objectweb/asm/Context;I)V @ 4428 c2
Event: 3703.789 Thread 0x000001f0780f1cc0 DEOPT PACKING pc=0x000001f06561c904 sp=0x000000a8146fe210
Event: 3703.790 Thread 0x000001f0780f1cc0 DEOPT UNPACKING pc=0x000001f0644e69a3 sp=0x000000a8146fe170 mode 2
Event: 3703.790 Thread 0x000001f0780f1cc0 Uncommon trap: trap_request=0xffffffde fr.pc=0x000001f06561c904 relative=0x000000000000b724
Event: 3703.790 Thread 0x000001f0780f1cc0 Uncommon trap: reason=class_check action=maybe_recompile pc=0x000001f06561c904 method=org.objectweb.asm.ClassReader.readCode(Lorg/objectweb/asm/MethodVisitor;Lorg/objectweb/asm/Context;I)V @ 4428 c2
Event: 3703.790 Thread 0x000001f0780f1cc0 DEOPT PACKING pc=0x000001f06561c904 sp=0x000000a8146fe210
Event: 3703.790 Thread 0x000001f0780f1cc0 DEOPT UNPACKING pc=0x000001f0644e69a3 sp=0x000000a8146fe170 mode 2

Classes unloaded (20 events):
Event: 2234.157 Thread 0x000001f06f725bf0 Unloading class 0x0000000801a03538 '_BuildScript_$_run_closure1'
Event: 2234.157 Thread 0x000001f06f725bf0 Unloading class 0x0000000801a03000 '_BuildScript_'
Event: 2234.157 Thread 0x000001f06f725bf0 Unloading class 0x0000000801a00000 'build_65c09m240ds99dhoswxi6cjo0$_run_closure1'
Event: 2234.157 Thread 0x000001f06f725bf0 Unloading class 0x00000008019fd800 'build_65c09m240ds99dhoswxi6cjo0'
Event: 2234.157 Thread 0x000001f06f725bf0 Unloading class 0x0000000801930000 'sync_studio_tooling2_a4fnwlba22esz04b6n0vb4j7x$_run_closure1'
Event: 2234.157 Thread 0x000001f06f725bf0 Unloading class 0x000000080192d800 'sync_studio_tooling2_a4fnwlba22esz04b6n0vb4j7x'
Event: 2234.157 Thread 0x000001f06f725bf0 Unloading class 0x000000080192c980 'sync_studio_tooling2_a4fnwlba22esz04b6n0vb4j7x$_run_closure1$_closure2'
Event: 2234.157 Thread 0x000001f06f725bf0 Unloading class 0x000000080192c560 'sync_studio_tooling2_a4fnwlba22esz04b6n0vb4j7x$_run_closure1'
Event: 2234.157 Thread 0x000001f06f725bf0 Unloading class 0x000000080192c000 'sync_studio_tooling2_a4fnwlba22esz04b6n0vb4j7x'
Event: 2234.157 Thread 0x000001f06f725bf0 Unloading class 0x0000000801908000 'jdk/internal/reflect/GeneratedSerializationConstructorAccessor77'
Event: 2234.157 Thread 0x000001f06f725bf0 Unloading class 0x00000008018f0400 'jdk/internal/reflect/GeneratedSerializationConstructorAccessor59'
Event: 2234.157 Thread 0x000001f06f725bf0 Unloading class 0x00000008018ec000 'jdk/internal/reflect/GeneratedSerializationConstructorAccessor53'
Event: 2234.157 Thread 0x000001f06f725bf0 Unloading class 0x00000008018eb400 'jdk/internal/reflect/GeneratedSerializationConstructorAccessor50'
Event: 2234.157 Thread 0x000001f06f725bf0 Unloading class 0x00000008018e5c00 'jdk/internal/reflect/GeneratedSerializationConstructorAccessor36'
Event: 2234.157 Thread 0x000001f06f725bf0 Unloading class 0x00000008018e5000 'jdk/internal/reflect/GeneratedSerializationConstructorAccessor33'
Event: 2234.157 Thread 0x000001f06f725bf0 Unloading class 0x00000008018e4c00 'jdk/internal/reflect/GeneratedSerializationConstructorAccessor32'
Event: 2234.157 Thread 0x000001f06f725bf0 Unloading class 0x00000008018e4800 'jdk/internal/reflect/GeneratedSerializationConstructorAccessor31'
Event: 2234.157 Thread 0x000001f06f725bf0 Unloading class 0x00000008018e4400 'jdk/internal/reflect/GeneratedSerializationConstructorAccessor30'
Event: 2234.157 Thread 0x000001f06f725bf0 Unloading class 0x0000000801558000 'org/gradle/plugin/use/PluginDependencySpec$version'
Event: 2234.157 Thread 0x000001f06f725bf0 Unloading class 0x0000000801555800 'org/gradle/plugin/use/internal/PluginsAwareScript$plugins'

Classes redefined (0 events):
No events

Internal exceptions (20 events):
Event: 2257.626 Thread 0x000001f0780866e0 Exception <a 'java/lang/ClassNotFoundException'{0x00000000ecdba1d8}: org/springframework/boot/gradle/tasks/bundling/BootJarCustomizer> (0x00000000ecdba1d8) 
thrown [s\src\hotspot\share\classfile\systemDictionary.cpp, line 256]
Event: 2257.635 Thread 0x000001f0780866e0 Exception <a 'java/lang/ClassNotFoundException'{0x00000000ecde87c8}: org/springframework/boot/gradle/tasks/bundling/BootJar_DecoratedCustomizer> (0x00000000ecde87c8) 
thrown [s\src\hotspot\share\classfile\systemDictionary.cpp, line 256]
Event: 3647.648 Thread 0x000001f0782ef210 Exception <a 'java/lang/ClassNotFoundException'{0x00000000ef2e11d0}: ijresolvers1_b5vft0m3h7r6c83jt6ryhe1goBeanInfo> (0x00000000ef2e11d0) 
thrown [s\src\hotspot\share\classfile\systemDictionary.cpp, line 256]
Event: 3647.652 Thread 0x000001f0782ef210 Exception <a 'java/lang/ClassNotFoundException'{0x00000000ef2e7038}: ijresolvers1_b5vft0m3h7r6c83jt6ryhe1goCustomizer> (0x00000000ef2e7038) 
thrown [s\src\hotspot\share\classfile\systemDictionary.cpp, line 256]
Event: 3647.741 Thread 0x000001f0782ef210 Exception <a 'java/lang/ClassNotFoundException'{0x00000000ef115f30}: SetupUtpTestResultListenerActionBeanInfo> (0x00000000ef115f30) 
thrown [s\src\hotspot\share\classfile\systemDictionary.cpp, line 256]
Event: 3647.742 Thread 0x000001f0782ef210 Exception <a 'java/lang/ClassNotFoundException'{0x00000000ef11a1a0}: SetupUtpTestResultListenerActionCustomizer> (0x00000000ef11a1a0) 
thrown [s\src\hotspot\share\classfile\systemDictionary.cpp, line 256]
Event: 3647.985 Thread 0x000001f0782ef210 Exception <a 'java/lang/ClassNotFoundException'{0x00000000ef1e47f8}: ExamportalApplication_main__1_7qmddh6x3vgahxknr99i09r52BeanInfo> (0x00000000ef1e47f8) 
thrown [s\src\hotspot\share\classfile\systemDictionary.cpp, line 256]
Event: 3647.990 Thread 0x000001f0782ef210 Exception <a 'java/lang/ClassNotFoundException'{0x00000000ef1ea4e8}: ExamportalApplication_main__1_7qmddh6x3vgahxknr99i09r52Customizer> (0x00000000ef1ea4e8) 
thrown [s\src\hotspot\share\classfile\systemDictionary.cpp, line 256]
Event: 3648.297 Thread 0x000001f0782ef210 Exception <a 'sun/nio/fs/WindowsException'{0x00000000ef01f6e8}> (0x00000000ef01f6e8) 
thrown [s\src\hotspot\share\prims\jni.cpp, line 516]
Event: 3648.301 Thread 0x000001f0782ef210 Exception <a 'sun/nio/fs/WindowsException'{0x00000000ef020c60}> (0x00000000ef020c60) 
thrown [s\src\hotspot\share\prims\jni.cpp, line 516]
Event: 3648.303 Thread 0x000001f0782ef210 Exception <a 'sun/nio/fs/WindowsException'{0x00000000ef0221d8}> (0x00000000ef0221d8) 
thrown [s\src\hotspot\share\prims\jni.cpp, line 516]
Event: 3648.306 Thread 0x000001f0782ef210 Exception <a 'sun/nio/fs/WindowsException'{0x00000000ef023978}> (0x00000000ef023978) 
thrown [s\src\hotspot\share\prims\jni.cpp, line 516]
Event: 3649.855 Thread 0x000001f0782ef210 Implicit null exception at 0x000001f065396593 to 0x000001f06539697c
Event: 3650.258 Thread 0x000001f0782ef210 Exception <a 'java/lang/NoClassDefFoundError'{0x00000000eeb344f8}: org/jetbrains/kotlin/gradle/plugin/KotlinPluginWrapper> (0x00000000eeb344f8) 
thrown [s\src\hotspot\share\oops\constantPool.cpp, line 835]
Event: 3650.265 Thread 0x000001f0782ef210 Exception <a 'java/lang/NoClassDefFoundError'{0x00000000eeb478d8}: org/graalvm/buildtools/gradle/NativeImagePlugin> (0x00000000eeb478d8) 
thrown [s\src\hotspot\share\oops\constantPool.cpp, line 835]
Event: 3651.780 Thread 0x000001f076ab8ed0 Exception <a 'java/lang/NoSuchMethodError'{0x00000000ee1edac8}: static Lorg/gradle/internal/build/event/types/DefaultBinaryPluginIdentifier;.<clinit>()V> (0x00000000ee1edac8) 
thrown [s\src\hotspot\share\prims\jni.cpp, line 1107]
Event: 3651.869 Thread 0x000001f077736710 Exception <a 'java/lang/NoSuchMethodError'{0x00000000ee028568}: static Ljava/lang/Object;.<clinit>()V> (0x00000000ee028568) 
thrown [s\src\hotspot\share\prims\jni.cpp, line 1107]
Event: 3674.734 Thread 0x000001f0780f1cc0 Exception <a 'java/lang/NoSuchMethodError'{0x00000000ede15028}: 'long java.lang.invoke.DirectMethodHandle$Holder.invokeVirtual(java.lang.Object, java.lang.Object)'> (0x00000000ede15028) 
thrown [s\src\hotspot\share\interpreter\linkResolver.cpp, line 759]
Event: 3674.734 Thread 0x000001f0780f3000 Exception <a 'java/lang/NoSuchMethodError'{0x00000000ede62218}: 'long java.lang.invoke.DirectMethodHandle$Holder.invokeVirtual(java.lang.Object, java.lang.Object)'> (0x00000000ede62218) 
thrown [s\src\hotspot\share\interpreter\linkResolver.cpp, line 759]
Event: 3674.735 Thread 0x000001f077736710 Exception <a 'java/lang/NoSuchMethodError'{0x00000000edffe4e8}: 'long java.lang.invoke.DirectMethodHandle$Holder.invokeVirtual(java.lang.Object, java.lang.Object)'> (0x00000000edffe4e8) 
thrown [s\src\hotspot\share\interpreter\linkResolver.cpp, line 759]

VM Operations (20 events):
Event: 3695.053 Executing VM operation: G1CollectForAllocation
Event: 3695.064 Executing VM operation: G1CollectForAllocation done
Event: 3696.072 Executing VM operation: Cleanup
Event: 3696.270 Executing VM operation: Cleanup done
Event: 3697.279 Executing VM operation: Cleanup
Event: 3697.279 Executing VM operation: Cleanup done
Event: 3699.302 Executing VM operation: Cleanup
Event: 3699.303 Executing VM operation: Cleanup done
Event: 3699.905 Executing VM operation: G1CollectForAllocation
Event: 3699.916 Executing VM operation: G1CollectForAllocation done
Event: 3700.922 Executing VM operation: Cleanup
Event: 3700.938 Executing VM operation: Cleanup done
Event: 3701.452 Executing VM operation: G1CollectForAllocation
Event: 3701.459 Executing VM operation: G1CollectForAllocation done
Event: 3702.471 Executing VM operation: Cleanup
Event: 3702.471 Executing VM operation: Cleanup done
Event: 3702.921 Executing VM operation: G1CollectForAllocation
Event: 3702.934 Executing VM operation: G1CollectForAllocation done
Event: 3703.948 Executing VM operation: Cleanup
Event: 3703.950 Executing VM operation: Cleanup done

Events (20 events):
Event: 3673.621 Thread 0x000001f06f7573b0 flushing nmethod 0x000001f05efeb690
Event: 3673.621 Thread 0x000001f06f7573b0 flushing nmethod 0x000001f05efee690
Event: 3673.621 Thread 0x000001f06f7573b0 flushing nmethod 0x000001f05efef110
Event: 3673.621 Thread 0x000001f06f7573b0 flushing nmethod 0x000001f05eff0a10
Event: 3673.621 Thread 0x000001f06f7573b0 flushing nmethod 0x000001f05eff8210
Event: 3673.621 Thread 0x000001f06f7573b0 flushing nmethod 0x000001f05eff8990
Event: 3673.621 Thread 0x000001f06f7573b0 flushing nmethod 0x000001f05effdb90
Event: 3673.621 Thread 0x000001f06f7573b0 flushing nmethod 0x000001f05effe710
Event: 3673.621 Thread 0x000001f06f7573b0 flushing nmethod 0x000001f05efffa10
Event: 3673.621 Thread 0x000001f06f7573b0 flushing nmethod 0x000001f05f000c10
Event: 3673.621 Thread 0x000001f06f7573b0 flushing nmethod 0x000001f05f001390
Event: 3673.621 Thread 0x000001f06f7573b0 flushing nmethod 0x000001f05f009e10
Event: 3673.621 Thread 0x000001f06f7573b0 flushing nmethod 0x000001f05f00b210
Event: 3674.270 Thread 0x000001f0780f2b30 Thread added: 0x000001f0780f2b30
Event: 3674.303 Thread 0x000001f0780f1cc0 Thread added: 0x000001f0780f1cc0
Event: 3674.305 Thread 0x000001f0780f3000 Thread added: 0x000001f0780f3000
Event: 3690.870 Thread 0x000001f06f7573b0 flushing nmethod 0x000001f065589a90
Event: 3690.919 Thread 0x000001f06f7573b0 flushing nmethod 0x000001f05efe9410
Event: 3697.883 loading class java/time/Instant$1
Event: 3697.888 loading class java/time/Instant$1 done


Dynamic libraries:
0x00007ff6e64b0000 - 0x00007ff6e64bd000 	C:\Users\91880\.jdks\corretto-17.0.7\bin\java.exe
0x00007ffdf1cb0000 - 0x00007ffdf1ec7000 	C:\WINDOWS\SYSTEM32\ntdll.dll
0x00007ffdefa00000 - 0x00007ffdefac4000 	C:\WINDOWS\System32\KERNEL32.DLL
0x00007ffdef370000 - 0x00007ffdef716000 	C:\WINDOWS\System32\KERNELBASE.dll
0x00007ffdef720000 - 0x00007ffdef831000 	C:\WINDOWS\System32\ucrtbase.dll
0x00007ffde6b00000 - 0x00007ffde6b17000 	C:\Users\91880\.jdks\corretto-17.0.7\bin\jli.dll
0x00007ffde5fe0000 - 0x00007ffde5ff5000 	C:\Users\91880\.jdks\corretto-17.0.7\bin\VCRUNTIME140.dll
0x00007ffdf0bc0000 - 0x00007ffdf0d6e000 	C:\WINDOWS\System32\USER32.dll
0x00007ffdef020000 - 0x00007ffdef046000 	C:\WINDOWS\System32\win32u.dll
0x00007ffdf0df0000 - 0x00007ffdf0e19000 	C:\WINDOWS\System32\GDI32.dll
0x00007ffdef8e0000 - 0x00007ffdef9f8000 	C:\WINDOWS\System32\gdi32full.dll
0x00007ffdef840000 - 0x00007ffdef8da000 	C:\WINDOWS\System32\msvcp_win.dll
0x00007ffddfc50000 - 0x00007ffddfee3000 	C:\WINDOWS\WinSxS\amd64_microsoft.windows.common-controls_6595b64144ccf1df_6.0.22621.2506_none_270c5ae97388e100\COMCTL32.dll
0x00007ffdf0700000 - 0x00007ffdf07a7000 	C:\WINDOWS\System32\msvcrt.dll
0x00007ffdf18d0000 - 0x00007ffdf1901000 	C:\WINDOWS\System32\IMM32.DLL
0x00007ffda99b0000 - 0x00007ffda9a4b000 	C:\Users\91880\.jdks\corretto-17.0.7\bin\msvcp140.dll
0x00007ffd57740000 - 0x00007ffd5835a000 	C:\Users\91880\.jdks\corretto-17.0.7\bin\server\jvm.dll
0x00007ffdf04e0000 - 0x00007ffdf0591000 	C:\WINDOWS\System32\ADVAPI32.dll
0x00007ffdf0350000 - 0x00007ffdf03f5000 	C:\WINDOWS\System32\sechost.dll
0x00007ffdf0f30000 - 0x00007ffdf1047000 	C:\WINDOWS\System32\RPCRT4.dll
0x00007ffde8050000 - 0x00007ffde8084000 	C:\WINDOWS\SYSTEM32\WINMM.dll
0x00007ffdbd640000 - 0x00007ffdbd649000 	C:\WINDOWS\SYSTEM32\WSOCK32.dll
0x00007ffde5310000 - 0x00007ffde531a000 	C:\WINDOWS\SYSTEM32\VERSION.dll
0x00007ffdf0150000 - 0x00007ffdf01c1000 	C:\WINDOWS\System32\WS2_32.dll
0x00007ffdee020000 - 0x00007ffdee038000 	C:\WINDOWS\SYSTEM32\kernel.appcore.dll
0x00007ffde6310000 - 0x00007ffde631a000 	C:\Users\91880\.jdks\corretto-17.0.7\bin\jimage.dll
0x00007ffdecba0000 - 0x00007ffdecdd3000 	C:\WINDOWS\SYSTEM32\DBGHELP.DLL
0x00007ffdf0830000 - 0x00007ffdf0bb9000 	C:\WINDOWS\System32\combase.dll
0x00007ffdf0260000 - 0x00007ffdf0337000 	C:\WINDOWS\System32\OLEAUT32.dll
0x00007ffde6580000 - 0x00007ffde65b2000 	C:\WINDOWS\SYSTEM32\dbgcore.DLL
0x00007ffdef2f0000 - 0x00007ffdef36a000 	C:\WINDOWS\System32\bcryptPrimitives.dll
0x00007ffde6160000 - 0x00007ffde616e000 	C:\Users\91880\.jdks\corretto-17.0.7\bin\instrument.dll
0x00007ffde5340000 - 0x00007ffde5365000 	C:\Users\91880\.jdks\corretto-17.0.7\bin\java.dll
0x00007ffda2590000 - 0x00007ffda2666000 	C:\Users\91880\.jdks\corretto-17.0.7\bin\jsvml.dll
0x00007ffdf1070000 - 0x00007ffdf18ca000 	C:\WINDOWS\System32\SHELL32.dll
0x00007ffdecf40000 - 0x00007ffded836000 	C:\WINDOWS\SYSTEM32\windows.storage.dll
0x00007ffdece00000 - 0x00007ffdecf3e000 	C:\WINDOWS\SYSTEM32\wintypes.dll
0x00007ffdf0600000 - 0x00007ffdf06f3000 	C:\WINDOWS\System32\SHCORE.dll
0x00007ffdf05a0000 - 0x00007ffdf05fe000 	C:\WINDOWS\System32\shlwapi.dll
0x00007ffdeef50000 - 0x00007ffdeef76000 	C:\WINDOWS\SYSTEM32\profapi.dll
0x00007ffde5db0000 - 0x00007ffde5dc8000 	C:\Users\91880\.jdks\corretto-17.0.7\bin\zip.dll
0x00007ffde5320000 - 0x00007ffde5339000 	C:\Users\91880\.jdks\corretto-17.0.7\bin\net.dll
0x00007ffde6dc0000 - 0x00007ffde6ef7000 	C:\WINDOWS\SYSTEM32\WINHTTP.dll
0x00007ffdee4a0000 - 0x00007ffdee509000 	C:\WINDOWS\system32\mswsock.dll
0x00007ffde52f0000 - 0x00007ffde5305000 	C:\Users\91880\.jdks\corretto-17.0.7\bin\nio.dll
0x00007ffde5eb0000 - 0x00007ffde5ec0000 	C:\Users\91880\.jdks\corretto-17.0.7\bin\verify.dll
0x00007ffdd3450000 - 0x00007ffdd3477000 	C:\Users\91880\.gradle\native\c067742578af261105cb4f569cf0c3c89f3d7b1fecec35dd04571415982c5e48\windows-amd64\native-platform.dll
0x00007ffd996d0000 - 0x00007ffd99814000 	C:\Users\91880\.gradle\native\38dada09dfb8b06ba9b0570ebf7e218e3eb74d4ef43ca46872605cf95ebc2f47\windows-amd64\native-platform-file-events.dll
0x00007ffde52e0000 - 0x00007ffde52e9000 	C:\Users\91880\.jdks\corretto-17.0.7\bin\management.dll
0x00007ffde5060000 - 0x00007ffde506b000 	C:\Users\91880\.jdks\corretto-17.0.7\bin\management_ext.dll
0x00007ffdf07c0000 - 0x00007ffdf07c8000 	C:\WINDOWS\System32\PSAPI.DLL
0x00007ffdee700000 - 0x00007ffdee71b000 	C:\WINDOWS\SYSTEM32\CRYPTSP.dll
0x00007ffdedf80000 - 0x00007ffdedfb5000 	C:\WINDOWS\system32\rsaenh.dll
0x00007ffdee590000 - 0x00007ffdee5bc000 	C:\WINDOWS\SYSTEM32\USERENV.dll
0x00007ffdee8e0000 - 0x00007ffdee908000 	C:\WINDOWS\SYSTEM32\bcrypt.dll
0x00007ffdee6f0000 - 0x00007ffdee6fc000 	C:\WINDOWS\SYSTEM32\CRYPTBASE.dll
0x00007ffdedaa0000 - 0x00007ffdedacd000 	C:\WINDOWS\SYSTEM32\IPHLPAPI.DLL
0x00007ffdf07b0000 - 0x00007ffdf07b9000 	C:\WINDOWS\System32\NSI.dll
0x00007ffde6c60000 - 0x00007ffde6c79000 	C:\WINDOWS\SYSTEM32\dhcpcsvc6.DLL
0x00007ffde6c40000 - 0x00007ffde6c5f000 	C:\WINDOWS\SYSTEM32\dhcpcsvc.DLL
0x00007ffdedb10000 - 0x00007ffdedc09000 	C:\WINDOWS\SYSTEM32\DNSAPI.dll
0x00007ffde5050000 - 0x00007ffde505e000 	C:\Users\91880\.jdks\corretto-17.0.7\bin\sunmscapi.dll
0x00007ffdef110000 - 0x00007ffdef276000 	C:\WINDOWS\System32\CRYPT32.dll
0x00007ffdee8b0000 - 0x00007ffdee8dd000 	C:\WINDOWS\SYSTEM32\ncrypt.dll
0x00007ffdee870000 - 0x00007ffdee8a7000 	C:\WINDOWS\SYSTEM32\NTASN1.dll
0x00007ffdb0170000 - 0x00007ffdb0178000 	C:\WINDOWS\system32\wshunix.dll
0x00007ffde5170000 - 0x00007ffde517a000 	C:\Windows\System32\rasadhlp.dll
0x00007ffde63c0000 - 0x00007ffde6443000 	C:\WINDOWS\System32\fwpuclnt.dll

dbghelp: loaded successfully - version: 4.0.5 - missing functions: none
symbol engine: initialized successfully - sym options: 0x614 - pdb path: .;C:\Users\91880\.jdks\corretto-17.0.7\bin;C:\WINDOWS\SYSTEM32;C:\WINDOWS\WinSxS\amd64_microsoft.windows.common-controls_6595b64144ccf1df_6.0.22621.2506_none_270c5ae97388e100;C:\Users\91880\.jdks\corretto-17.0.7\bin\server;C:\Users\91880\.gradle\native\c067742578af261105cb4f569cf0c3c89f3d7b1fecec35dd04571415982c5e48\windows-amd64;C:\Users\91880\.gradle\native\38dada09dfb8b06ba9b0570ebf7e218e3eb74d4ef43ca46872605cf95ebc2f47\windows-amd64

VM Arguments:
jvm_args: --add-opens=java.base/java.util=ALL-UNNAMED --add-opens=java.base/java.lang=ALL-UNNAMED --add-opens=java.base/java.lang.invoke=ALL-UNNAMED --add-opens=java.prefs/java.util.prefs=ALL-UNNAMED --add-opens=java.base/java.nio.charset=ALL-UNNAMED --add-opens=java.base/java.net=ALL-UNNAMED --add-opens=java.base/java.util.concurrent.atomic=ALL-UNNAMED -XX:MaxMetaspaceSize=384m -XX:+HeapDumpOnOutOfMemoryError -Xms256m -Xmx512m -Dfile.encoding=windows-1252 -Duser.country=US -Duser.language=en -Duser.variant -javaagent:C:\Users\91880\.gradle\wrapper\dists\gradle-8.5-bin\5t9huq95ubn472n8rpzujfbqh\gradle-8.5\lib\agents\gradle-instrumentation-agent-8.5.jar 
java_command: org.gradle.launcher.daemon.bootstrap.GradleDaemon 8.5
java_class_path (initial): C:\Users\91880\.gradle\wrapper\dists\gradle-8.5-bin\5t9huq95ubn472n8rpzujfbqh\gradle-8.5\lib\gradle-launcher-8.5.jar
Launcher Type: SUN_STANDARD

[Global flags]
     intx CICompilerCount                          = 3                                         {product} {ergonomic}
   size_t CompressedClassSpaceSize                 = 335544320                                 {product} {ergonomic}
     uint ConcGCThreads                            = 1                                         {product} {ergonomic}
     uint G1ConcRefinementThreads                  = 4                                         {product} {ergonomic}
   size_t G1HeapRegionSize                         = 1048576                                   {product} {ergonomic}
    uintx GCDrainStackTargetSize                   = 64                                        {product} {ergonomic}
     bool HeapDumpOnOutOfMemoryError               = true                                   {manageable} {command line}
   size_t InitialHeapSize                          = 268435456                                 {product} {command line}
   size_t MarkStackSize                            = 4194304                                   {product} {ergonomic}
   size_t MaxHeapSize                              = 536870912                                 {product} {command line}
   size_t MaxMetaspaceSize                         = 402653184                                 {product} {command line}
   size_t MaxNewSize                               = 321912832                                 {product} {ergonomic}
   size_t MinHeapDeltaBytes                        = 1048576                                   {product} {ergonomic}
   size_t MinHeapSize                              = 268435456                                 {product} {command line}
    uintx NonNMethodCodeHeapSize                   = 5832780                                {pd product} {ergonomic}
    uintx NonProfiledCodeHeapSize                  = 122912730                              {pd product} {ergonomic}
    uintx ProfiledCodeHeapSize                     = 122912730                              {pd product} {ergonomic}
    uintx ReservedCodeCacheSize                    = 251658240                              {pd product} {ergonomic}
     bool SegmentedCodeCache                       = true                                      {product} {ergonomic}
   size_t SoftMaxHeapSize                          = 536870912                              {manageable} {ergonomic}
     bool UseCompressedClassPointers               = true                           {product lp64_product} {ergonomic}
     bool UseCompressedOops                        = true                           {product lp64_product} {ergonomic}
     bool UseG1GC                                  = true                                      {product} {ergonomic}
     bool UseLargePagesIndividualAllocation        = false                                  {pd product} {ergonomic}

Logging:
Log output configuration:
 #0: stdout all=warning uptime,level,tags
 #1: stderr all=off uptime,level,tags

Environment Variables:
PATH=C:\Program Files (x86)\Common Files\Oracle\Java\javapath;C:\Python311\Scripts\;C:\Python311\;C:\oraclexe\app\oracle\product\10.2.0\server\bin;C:\WINDOWS\system32;C:\WINDOWS;C:\WINDOWS\System32\Wbem;C:\WINDOWS\System32\WindowsPowerShell\v1.0\;C:\WINDOWS\System32\OpenSSH\;C:\Program Files\nodejs\;C:\ProgramData\chocolatey\bin;C:\Program Files\Git\cmd;C:\Program Files\MySQL\MySQL Shell 8.0\bin\;C:\Users\91880\AppData\Local\Microsoft\WindowsApps;;C:\Users\91880\AppData\Local\Programs\Microsoft VS Code\bin;C:\Users\91880\AppData\Roaming\npm;C:\Program Files\JetBrains\IntelliJ IDEA Community Edition 2023.2.2\bin;
USERNAME=91880
OS=Windows_NT
PROCESSOR_IDENTIFIER=AMD64 Family 23 Model 24 Stepping 1, AuthenticAMD
TMP=C:\Users\91880\AppData\Local\Temp
TEMP=C:\Users\91880\AppData\Local\Temp



---------------  S Y S T E M  ---------------

OS:
 Windows 11 , 64 bit Build 22621 (10.0.22621.2506)
OS uptime: 0 days 7:20 hours

CPU: total 4 (initial active 4) (4 cores per cpu, 2 threads per core) family 23 model 24 stepping 1 microcode 0x0, cx8, cmov, fxsr, ht, mmx, 3dnowpref, sse, sse2, sse3, ssse3, sse4a, sse4.1, sse4.2, popcnt, lzcnt, tsc, tscinvbit, avx, avx2, aes, clmul, bmi1, bmi2, adx, sha, fma, vzeroupper, clflush, clflushopt

Memory: 4k page, system-wide physical 6078M (175M free)
TotalPageFile size 24510M (AvailPageFile size 3M)
current process WorkingSet (physical memory assigned to process): 339M, peak: 438M
current process commit charge ("private bytes"): 572M, peak: 578M

vm_info: OpenJDK 64-Bit Server VM (17.0.7+7-LTS) for windows-amd64 JRE (17.0.7+7-LTS), built on Apr 14 2023 01:39:21 by "Administrator" with MS VC++ 15.9 (VS2017)

END.
